================================================================================
2026-05-08 10:00:22
window_title='빅데이터분석 보고서 - 과제 #12.hwp [C:\\Users\\USER\\Downloads\\] [읽기 전용] - 한글 뷰어'
focused=PaneControl class='HwpMainEditWnd' id='14632588' name='' handle=2033572
foreground=WindowControl class='FrameWindowImpl' id='' name='빅데이터분석 보고서 - 과제 #12.hwp [C:\\Users\\USER\\Downloads\\] [읽기 전용] - 한글 뷰어' handle=2296092 text='빅데이터분석 보고서 - 과제 #12.hwp [C:\\Users\\USER\\Downloads\\] [읽기 전용] - 한글 뷰어'
target=PaneControl class='HwpMainEditWnd' id='14632588' name='' handle=2033572
candidates:
================================================================================
2026-05-08 10:00:24
window_title='빅데이터분석 보고서 - 과제 #12.hwp [C:\\Users\\USER\\Downloads\\] [읽기 전용] - 한글 뷰어'
focused=PaneControl class='HwpMainEditWnd' id='14632588' name='' handle=2033572
foreground=WindowControl class='FrameWindowImpl' id='' name='빅데이터분석 보고서 - 과제 #12.hwp [C:\\Users\\USER\\Downloads\\] [읽기 전용] - 한글 뷰어' handle=2296092 text='빅데이터분석 보고서 - 과제 #12.hwp [C:\\Users\\USER\\Downloads\\] [읽기 전용] - 한글 뷰어'
target=PaneControl class='HwpMainEditWnd' id='14632588' name='' handle=2033572
candidates:
================================================================================
2026-05-08 10:00:28
window_title='빅데이터분석 보고서 - 과제 #12.hwp [C:\\Users\\USER\\Downloads\\] [읽기 전용] - 한글 뷰어'
focused=PaneControl class='HwpMainEditWnd' id='14632588' name='' handle=2033572
foreground=WindowControl class='FrameWindowImpl' id='' name='빅데이터분석 보고서 - 과제 #12.hwp [C:\\Users\\USER\\Downloads\\] [읽기 전용] - 한글 뷰어' handle=2296092 text='빅데이터분석 보고서 - 과제 #12.hwp [C:\\Users\\USER\\Downloads\\] [읽기 전용] - 한글 뷰어'
target=PaneControl class='HwpMainEditWnd' id='14632588' name='' handle=2033572
candidates:
================================================================================
2026-05-08 10:00:32
window_title='빅데이터분석 보고서 - 과제 #12.hwp [C:\\Users\\USER\\Downloads\\] [읽기 전용] - 한글 뷰어'
focused=PaneControl class='HwpMainEditWnd' id='14632588' name='' handle=2033572
foreground=WindowControl class='FrameWindowImpl' id='' name='빅데이터분석 보고서 - 과제 #12.hwp [C:\\Users\\USER\\Downloads\\] [읽기 전용] - 한글 뷰어' handle=2296092 text='빅데이터분석 보고서 - 과제 #12.hwp [C:\\Users\\USER\\Downloads\\] [읽기 전용] - 한글 뷰어'
target=PaneControl class='HwpMainEditWnd' id='14632588' name='' handle=2033572
candidates:
================================================================================
2026-05-08 10:00:33
window_title=''
focused=PaneControl class='HwpMainEditWnd' id='14632588' name='' handle=2033572
foreground=PaneControl class='HwpMainEditWnd' id='14632588' name='' handle=2033572
target=PaneControl class='HwpMainEditWnd' id='14632588' name='' handle=2033572
candidates:
================================================================================
2026-05-08 10:00:34
window_title='빅데이터분석 보고서 - 과제 #12.hwp [C:\\Users\\USER\\Downloads\\] [읽기 전용] - 한글 뷰어'
focused=PaneControl class='HwpMainEditWnd' id='14632588' name='' handle=2033572
foreground=WindowControl class='FrameWindowImpl' id='' name='빅데이터분석 보고서 - 과제 #12.hwp [C:\\Users\\USER\\Downloads\\] [읽기 전용] - 한글 뷰어' handle=2296092 text='빅데이터분석 보고서 - 과제 #12.hwp [C:\\Users\\USER\\Downloads\\] [읽기 전용] - 한글 뷰어'
target=PaneControl class='HwpMainEditWnd' id='14632588' name='' handle=2033572
candidates:
================================================================================
2026-05-08 10:00:39
window_title='빅데이터분석 보고서 - 과제 #12.hwp [C:\\Users\\USER\\Downloads\\] [읽기 전용] - 한글 뷰어'
focused=PaneControl class='HwpMainEditWnd' id='14632588' name='' handle=2033572
foreground=WindowControl class='FrameWindowImpl' id='' name='빅데이터분석 보고서 - 과제 #12.hwp [C:\\Users\\USER\\Downloads\\] [읽기 전용] - 한글 뷰어' handle=2296092 text='빅데이터분석 보고서 - 과제 #12.hwp [C:\\Users\\USER\\Downloads\\] [읽기 전용] - 한글 뷰어'
target=PaneControl class='HwpMainEditWnd' id='14632588' name='' handle=2033572
candidates:
================================================================================
2026-05-08 10:00:40
window_title='빅데이터분석 보고서 - 과제 #12.hwp [C:\\Users\\USER\\Downloads\\] [읽기 전용] - 한글 뷰어'
focused=PaneControl class='HwpMainEditWnd' id='14632588' name='' handle=2033572
foreground=WindowControl class='FrameWindowImpl' id='' name='빅데이터분석 보고서 - 과제 #12.hwp [C:\\Users\\USER\\Downloads\\] [읽기 전용] - 한글 뷰어' handle=2296092 text='빅데이터분석 보고서 - 과제 #12.hwp [C:\\Users\\USER\\Downloads\\] [읽기 전용] - 한글 뷰어'
target=PaneControl class='HwpMainEditWnd' id='14632588' name='' handle=2033572
candidates:
================================================================================
2026-05-08 10:00:41
window_title='빅데이터분석 보고서 - 과제 #12.hwp [C:\\Users\\USER\\Downloads\\] [읽기 전용] - 한글 뷰어'
focused=PaneControl class='HwpMainEditWnd' id='14632588' name='' handle=2033572
foreground=WindowControl class='FrameWindowImpl' id='' name='빅데이터분석 보고서 - 과제 #12.hwp [C:\\Users\\USER\\Downloads\\] [읽기 전용] - 한글 뷰어' handle=2296092 text='빅데이터분석 보고서 - 과제 #12.hwp [C:\\Users\\USER\\Downloads\\] [읽기 전용] - 한글 뷰어'
target=PaneControl class='HwpMainEditWnd' id='14632588' name='' handle=2033572
candidates:
================================================================================
2026-05-08 10:00:49
window_title='빅데이터분석 보고서 - 과제 #12.hwp [C:\\Users\\USER\\Downloads\\] [읽기 전용] - 한글 뷰어'
focused=PaneControl class='HwpMainEditWnd' id='14632588' name='' handle=2033572
foreground=WindowControl class='FrameWindowImpl' id='' name='빅데이터분석 보고서 - 과제 #12.hwp [C:\\Users\\USER\\Downloads\\] [읽기 전용] - 한글 뷰어' handle=2296092 text='빅데이터분석 보고서 - 과제 #12.hwp [C:\\Users\\USER\\Downloads\\] [읽기 전용] - 한글 뷰어'
target=PaneControl class='HwpMainEditWnd' id='14632588' name='' handle=2033572
candidates:
================================================================================
2026-05-08 10:00:50
window_title='빅데이터분석 보고서 - 과제 #12.hwp [C:\\Users\\USER\\Downloads\\] [읽기 전용] - 한글 뷰어'
focused=PaneControl class='HwpMainEditWnd' id='14632588' name='' handle=2033572
foreground=WindowControl class='FrameWindowImpl' id='' name='빅데이터분석 보고서 - 과제 #12.hwp [C:\\Users\\USER\\Downloads\\] [읽기 전용] - 한글 뷰어' handle=2296092 text='빅데이터분석 보고서 - 과제 #12.hwp [C:\\Users\\USER\\Downloads\\] [읽기 전용] - 한글 뷰어'
target=PaneControl class='HwpMainEditWnd' id='14632588' name='' handle=2033572
candidates:
================================================================================
2026-05-08 10:00:51
window_title='빅데이터분석 보고서 - 과제 #12.hwp [C:\\Users\\USER\\Downloads\\] [읽기 전용] - 한글 뷰어'
focused=PaneControl class='HwpMainEditWnd' id='14632588' name='' handle=2033572
foreground=WindowControl class='FrameWindowImpl' id='' name='빅데이터분석 보고서 - 과제 #12.hwp [C:\\Users\\USER\\Downloads\\] [읽기 전용] - 한글 뷰어' handle=2296092 text='빅데이터분석 보고서 - 과제 #12.hwp [C:\\Users\\USER\\Downloads\\] [읽기 전용] - 한글 뷰어'
target=PaneControl class='HwpMainEditWnd' id='14632588' name='' handle=2033572
candidates:
================================================================================
2026-05-08 10:00:52
window_title='빅데이터분석 보고서 - 과제 #12.hwp [C:\\Users\\USER\\Downloads\\] [읽기 전용] - 한글 뷰어'
focused=PaneControl class='HwpMainEditWnd' id='14632588' name='' handle=2033572
foreground=WindowControl class='FrameWindowImpl' id='' name='빅데이터분석 보고서 - 과제 #12.hwp [C:\\Users\\USER\\Downloads\\] [읽기 전용] - 한글 뷰어' handle=2296092 text='빅데이터분석 보고서 - 과제 #12.hwp [C:\\Users\\USER\\Downloads\\] [읽기 전용] - 한글 뷰어'
target=PaneControl class='HwpMainEditWnd' id='14632588' name='' handle=2033572
candidates:
================================================================================
2026-05-08 10:00:53
window_title='빅데이터분석 보고서 - 과제 #12.hwp [C:\\Users\\USER\\Downloads\\] [읽기 전용] - 한글 뷰어'
focused=PaneControl class='HwpMainEditWnd' id='14632588' name='' handle=2033572
foreground=WindowControl class='FrameWindowImpl' id='' name='빅데이터분석 보고서 - 과제 #12.hwp [C:\\Users\\USER\\Downloads\\] [읽기 전용] - 한글 뷰어' handle=2296092 text='빅데이터분석 보고서 - 과제 #12.hwp [C:\\Users\\USER\\Downloads\\] [읽기 전용] - 한글 뷰어'
target=PaneControl class='HwpMainEditWnd' id='14632588' name='' handle=2033572
candidates:
================================================================================
2026-05-08 10:00:54
window_title='빅데이터분석 보고서 - 과제 #12.hwp [C:\\Users\\USER\\Downloads\\] [읽기 전용] - 한글 뷰어'
focused=PaneControl class='HwpMainEditWnd' id='14632588' name='' handle=2033572
foreground=WindowControl class='FrameWindowImpl' id='' name='빅데이터분석 보고서 - 과제 #12.hwp [C:\\Users\\USER\\Downloads\\] [읽기 전용] - 한글 뷰어' handle=2296092 text='빅데이터분석 보고서 - 과제 #12.hwp [C:\\Users\\USER\\Downloads\\] [읽기 전용] - 한글 뷰어'
target=PaneControl class='HwpMainEditWnd' id='14632588' name='' handle=2033572
candidates:
================================================================================
2026-05-08 10:00:55
window_title='빅데이터분석 보고서 - 과제 #12.hwp [C:\\Users\\USER\\Downloads\\] [읽기 전용] - 한글 뷰어'
focused=PaneControl class='HwpMainEditWnd' id='14632588' name='' handle=2033572
foreground=WindowControl class='FrameWindowImpl' id='' name='빅데이터분석 보고서 - 과제 #12.hwp [C:\\Users\\USER\\Downloads\\] [읽기 전용] - 한글 뷰어' handle=2296092 text='빅데이터분석 보고서 - 과제 #12.hwp [C:\\Users\\USER\\Downloads\\] [읽기 전용] - 한글 뷰어'
target=PaneControl class='HwpMainEditWnd' id='14632588' name='' handle=2033572
candidates:
================================================================================
2026-05-08 10:03:00
target_tree:
- PaneControl class='HwpMainEditWnd' id='14632588' name='' handle=2033572
2026-05-08 10:03:00 clipboard_before length=0
2026-05-08 10:03:00 clipboard_after_ctrl_a_ctrl_c length=0 preview=''
2026-05-08 10:03:01 clipboard_after_ctrl_c length=0 preview=''
================================================================================
2026-05-08 10:03:01
window_title='빅데이터분석 보고서 - 과제 #12.hwp [C:\\Users\\USER\\Downloads\\] [읽기 전용] - 한글 뷰어'
focused=PaneControl class='HwpMainEditWnd' id='14632588' name='' handle=2033572
foreground=WindowControl class='FrameWindowImpl' id='' name='빅데이터분석 보고서 - 과제 #12.hwp [C:\\Users\\USER\\Downloads\\] [읽기 전용] - 한글 뷰어' handle=2296092 text='빅데이터분석 보고서 - 과제 #12.hwp [C:\\Users\\USER\\Downloads\\] [읽기 전용] - 한글 뷰어'
target=PaneControl class='HwpMainEditWnd' id='14632588' name='' handle=2033572
candidates:
================================================================================
2026-05-08 10:03:01
target_tree:
- PaneControl class='HwpMainEditWnd' id='14632588' name='' handle=2033572
2026-05-08 10:03:01 clipboard_before length=0
2026-05-08 10:03:02 clipboard_after_ctrl_a_ctrl_c length=0 preview=''
2026-05-08 10:03:02 clipboard_after_ctrl_c length=0 preview=''
================================================================================
2026-05-08 10:03:02
window_title='빅데이터분석 보고서 - 과제 #12.hwp [C:\\Users\\USER\\Downloads\\] [읽기 전용] - 한글 뷰어'
focused=PaneControl class='HwpMainEditWnd' id='14632588' name='' handle=2033572
foreground=WindowControl class='FrameWindowImpl' id='' name='빅데이터분석 보고서 - 과제 #12.hwp [C:\\Users\\USER\\Downloads\\] [읽기 전용] - 한글 뷰어' handle=2296092 text='빅데이터분석 보고서 - 과제 #12.hwp [C:\\Users\\USER\\Downloads\\] [읽기 전용] - 한글 뷰어'
target=PaneControl class='HwpMainEditWnd' id='14632588' name='' handle=2033572
candidates:
================================================================================
2026-05-08 10:03:13
target_tree:
- PaneControl class='HwpMainEditWnd' id='14632588' name='' handle=2033572
2026-05-08 10:03:13 clipboard_before length=0
2026-05-08 10:03:13 clipboard_after_ctrl_a_ctrl_c length=0 preview=''
2026-05-08 10:03:13 clipboard_after_ctrl_c length=0 preview=''
================================================================================
2026-05-08 10:03:13
window_title='빅데이터분석 보고서 - 과제 #12.hwp [C:\\Users\\USER\\Downloads\\] [읽기 전용] - 한글 뷰어'
focused=PaneControl class='HwpMainEditWnd' id='14632588' name='' handle=2033572
foreground=WindowControl class='FrameWindowImpl' id='' name='빅데이터분석 보고서 - 과제 #12.hwp [C:\\Users\\USER\\Downloads\\] [읽기 전용] - 한글 뷰어' handle=2296092 text='빅데이터분석 보고서 - 과제 #12.hwp [C:\\Users\\USER\\Downloads\\] [읽기 전용] - 한글 뷰어'
target=PaneControl class='HwpMainEditWnd' id='14632588' name='' handle=2033572
candidates:
================================================================================
2026-05-08 10:03:14
target_tree:
- PaneControl class='HwpMainEditWnd' id='14632588' name='' handle=2033572
2026-05-08 10:03:14 clipboard_before length=0
2026-05-08 10:03:14 clipboard_after_ctrl_a_ctrl_c length=0 preview=''
2026-05-08 10:03:15 clipboard_after_ctrl_c length=0 preview=''
================================================================================
2026-05-08 10:03:15
window_title='빅데이터분석 보고서 - 과제 #12.hwp [C:\\Users\\USER\\Downloads\\] [읽기 전용] - 한글 뷰어'
focused=PaneControl class='HwpMainEditWnd' id='14632588' name='' handle=2033572
foreground=WindowControl class='FrameWindowImpl' id='' name='빅데이터분석 보고서 - 과제 #12.hwp [C:\\Users\\USER\\Downloads\\] [읽기 전용] - 한글 뷰어' handle=2296092 text='빅데이터분석 보고서 - 과제 #12.hwp [C:\\Users\\USER\\Downloads\\] [읽기 전용] - 한글 뷰어'
target=PaneControl class='HwpMainEditWnd' id='14632588' name='' handle=2033572
candidates:
================================================================================
2026-05-08 10:03:15
target_tree:
- PaneControl class='HwpMainEditWnd' id='14632588' name='' handle=2033572
2026-05-08 10:03:15 clipboard_before length=0
2026-05-08 10:03:16 clipboard_after_ctrl_a_ctrl_c length=0 preview=''
2026-05-08 10:03:16 clipboard_after_ctrl_c length=0 preview=''
================================================================================
2026-05-08 10:03:16
window_title='빅데이터분석 보고서 - 과제 #12.hwp [C:\\Users\\USER\\Downloads\\] [읽기 전용] - 한글 뷰어'
focused=PaneControl class='HwpMainEditWnd' id='14632588' name='' handle=2033572
foreground=WindowControl class='FrameWindowImpl' id='' name='빅데이터분석 보고서 - 과제 #12.hwp [C:\\Users\\USER\\Downloads\\] [읽기 전용] - 한글 뷰어' handle=2296092 text='빅데이터분석 보고서 - 과제 #12.hwp [C:\\Users\\USER\\Downloads\\] [읽기 전용] - 한글 뷰어'
target=PaneControl class='HwpMainEditWnd' id='14632588' name='' handle=2033572
candidates:
================================================================================
2026-05-08 10:03:17
target_tree:
- PaneControl class='HwpMainEditWnd' id='14632588' name='' handle=2033572
2026-05-08 10:03:17 clipboard_before length=0
2026-05-08 10:03:17 clipboard_after_ctrl_a_ctrl_c length=0 preview=''
2026-05-08 10:03:17 clipboard_after_ctrl_c length=0 preview=''
================================================================================
2026-05-08 10:03:17
window_title='빅데이터분석 보고서 - 과제 #12.hwp [C:\\Users\\USER\\Downloads\\] [읽기 전용] - 한글 뷰어'
focused=PaneControl class='HwpMainEditWnd' id='14632588' name='' handle=2033572
foreground=WindowControl class='FrameWindowImpl' id='' name='빅데이터분석 보고서 - 과제 #12.hwp [C:\\Users\\USER\\Downloads\\] [읽기 전용] - 한글 뷰어' handle=2296092 text='빅데이터분석 보고서 - 과제 #12.hwp [C:\\Users\\USER\\Downloads\\] [읽기 전용] - 한글 뷰어'
target=PaneControl class='HwpMainEditWnd' id='14632588' name='' handle=2033572
candidates:
================================================================================
2026-05-08 10:03:18
target_tree:
- PaneControl class='HwpMainEditWnd' id='14632588' name='' handle=2033572
2026-05-08 10:03:18 clipboard_before length=0
2026-05-08 10:03:18 clipboard_after_ctrl_a_ctrl_c length=0 preview=''
2026-05-08 10:03:19 clipboard_after_ctrl_c length=0 preview=''
================================================================================
2026-05-08 10:03:19
window_title='빅데이터분석 보고서 - 과제 #12.hwp [C:\\Users\\USER\\Downloads\\] [읽기 전용] - 한글 뷰어'
focused=PaneControl class='HwpMainEditWnd' id='14632588' name='' handle=2033572
foreground=WindowControl class='FrameWindowImpl' id='' name='빅데이터분석 보고서 - 과제 #12.hwp [C:\\Users\\USER\\Downloads\\] [읽기 전용] - 한글 뷰어' handle=2296092 text='빅데이터분석 보고서 - 과제 #12.hwp [C:\\Users\\USER\\Downloads\\] [읽기 전용] - 한글 뷰어'
target=PaneControl class='HwpMainEditWnd' id='14632588' name='' handle=2033572
candidates:
================================================================================
2026-05-08 10:03:19
target_tree:
- PaneControl class='HwpMainEditWnd' id='14632588' name='' handle=2033572
2026-05-08 10:03:19 clipboard_before length=0
2026-05-08 10:03:20 clipboard_after_ctrl_a_ctrl_c length=0 preview=''
2026-05-08 10:03:20 clipboard_after_ctrl_c length=0 preview=''
================================================================================
2026-05-08 10:03:20
window_title='빅데이터분석 보고서 - 과제 #12.hwp [C:\\Users\\USER\\Downloads\\] [읽기 전용] - 한글 뷰어'
focused=PaneControl class='HwpMainEditWnd' id='14632588' name='' handle=2033572
foreground=WindowControl class='FrameWindowImpl' id='' name='빅데이터분석 보고서 - 과제 #12.hwp [C:\\Users\\USER\\Downloads\\] [읽기 전용] - 한글 뷰어' handle=2296092 text='빅데이터분석 보고서 - 과제 #12.hwp [C:\\Users\\USER\\Downloads\\] [읽기 전용] - 한글 뷰어'
target=PaneControl class='HwpMainEditWnd' id='14632588' name='' handle=2033572
candidates:
================================================================================
2026-05-08 10:03:21
target_tree:
- PaneControl class='HwpMainEditWnd' id='14632588' name='' handle=2033572
2026-05-08 10:03:21 clipboard_before length=0
2026-05-08 10:03:21 clipboard_after_ctrl_a_ctrl_c length=0 preview=''
2026-05-08 10:03:21 clipboard_after_ctrl_c length=0 preview=''
================================================================================
2026-05-08 10:03:21
window_title='빅데이터분석 보고서 - 과제 #12.hwp [C:\\Users\\USER\\Downloads\\] [읽기 전용] - 한글 뷰어'
focused=PaneControl class='HwpMainEditWnd' id='14632588' name='' handle=2033572
foreground=WindowControl class='FrameWindowImpl' id='' name='빅데이터분석 보고서 - 과제 #12.hwp [C:\\Users\\USER\\Downloads\\] [읽기 전용] - 한글 뷰어' handle=2296092 text='빅데이터분석 보고서 - 과제 #12.hwp [C:\\Users\\USER\\Downloads\\] [읽기 전용] - 한글 뷰어'
target=PaneControl class='HwpMainEditWnd' id='14632588' name='' handle=2033572
candidates:
================================================================================
2026-05-08 10:03:22
target_tree:
- PaneControl class='HwpMainEditWnd' id='14632588' name='' handle=2033572
2026-05-08 10:03:22 clipboard_before length=0
2026-05-08 10:03:22 clipboard_after_ctrl_a_ctrl_c length=0 preview=''
2026-05-08 10:03:23 clipboard_after_ctrl_c length=0 preview=''
================================================================================
2026-05-08 10:03:23
window_title='빅데이터분석 보고서 - 과제 #12.hwp [C:\\Users\\USER\\Downloads\\] [읽기 전용] - 한글 뷰어'
focused=PaneControl class='HwpMainEditWnd' id='14632588' name='' handle=2033572
foreground=WindowControl class='FrameWindowImpl' id='' name='빅데이터분석 보고서 - 과제 #12.hwp [C:\\Users\\USER\\Downloads\\] [읽기 전용] - 한글 뷰어' handle=2296092 text='빅데이터분석 보고서 - 과제 #12.hwp [C:\\Users\\USER\\Downloads\\] [읽기 전용] - 한글 뷰어'
target=PaneControl class='HwpMainEditWnd' id='14632588' name='' handle=2033572
candidates:
================================================================================
2026-05-08 10:03:23
target_tree:
- PaneControl class='HwpMainEditWnd' id='14632588' name='' handle=2033572
2026-05-08 10:03:23 clipboard_before length=0
2026-05-08 10:03:24 clipboard_after_ctrl_a_ctrl_c length=0 preview=''
2026-05-08 10:03:24 clipboard_after_ctrl_c length=0 preview=''
================================================================================
2026-05-08 10:03:24
window_title='빅데이터분석 보고서 - 과제 #12.hwp [C:\\Users\\USER\\Downloads\\] [읽기 전용] - 한글 뷰어'
focused=PaneControl class='HwpMainEditWnd' id='14632588' name='' handle=2033572
foreground=WindowControl class='FrameWindowImpl' id='' name='빅데이터분석 보고서 - 과제 #12.hwp [C:\\Users\\USER\\Downloads\\] [읽기 전용] - 한글 뷰어' handle=2296092 text='빅데이터분석 보고서 - 과제 #12.hwp [C:\\Users\\USER\\Downloads\\] [읽기 전용] - 한글 뷰어'
target=PaneControl class='HwpMainEditWnd' id='14632588' name='' handle=2033572
candidates:
================================================================================
2026-05-08 10:03:25
target_tree:
- PaneControl class='HwpMainEditWnd' id='14632588' name='' handle=2033572
2026-05-08 10:03:25 clipboard_before length=0
2026-05-08 10:03:25 clipboard_after_ctrl_a_ctrl_c length=0 preview=''
2026-05-08 10:03:25 clipboard_after_ctrl_c length=0 preview=''
================================================================================
2026-05-08 10:03:25
window_title='빅데이터분석 보고서 - 과제 #12.hwp [C:\\Users\\USER\\Downloads\\] [읽기 전용] - 한글 뷰어'
focused=PaneControl class='HwpMainEditWnd' id='14632588' name='' handle=2033572
foreground=WindowControl class='FrameWindowImpl' id='' name='빅데이터분석 보고서 - 과제 #12.hwp [C:\\Users\\USER\\Downloads\\] [읽기 전용] - 한글 뷰어' handle=2296092 text='빅데이터분석 보고서 - 과제 #12.hwp [C:\\Users\\USER\\Downloads\\] [읽기 전용] - 한글 뷰어'
target=PaneControl class='HwpMainEditWnd' id='14632588' name='' handle=2033572
candidates:
================================================================================
2026-05-08 10:03:26
target_tree:
- PaneControl class='HwpMainEditWnd' id='14632588' name='' handle=2033572
2026-05-08 10:03:26 clipboard_before length=0
2026-05-08 10:03:26 clipboard_after_ctrl_a_ctrl_c length=0 preview=''
2026-05-08 10:03:27 clipboard_after_ctrl_c length=0 preview=''
================================================================================
2026-05-08 10:03:27
window_title='빅데이터분석 보고서 - 과제 #12.hwp [C:\\Users\\USER\\Downloads\\] [읽기 전용] - 한글 뷰어'
focused=PaneControl class='HwpMainEditWnd' id='14632588' name='' handle=2033572
foreground=WindowControl class='FrameWindowImpl' id='' name='빅데이터분석 보고서 - 과제 #12.hwp [C:\\Users\\USER\\Downloads\\] [읽기 전용] - 한글 뷰어' handle=2296092 text='빅데이터분석 보고서 - 과제 #12.hwp [C:\\Users\\USER\\Downloads\\] [읽기 전용] - 한글 뷰어'
target=PaneControl class='HwpMainEditWnd' id='14632588' name='' handle=2033572
candidates:
================================================================================
2026-05-08 10:03:27
target_tree:
- PaneControl class='HwpMainEditWnd' id='14632588' name='' handle=2033572
2026-05-08 10:03:27 clipboard_before length=0
2026-05-08 10:03:28 clipboard_after_ctrl_a_ctrl_c length=0 preview=''
2026-05-08 10:03:28 clipboard_after_ctrl_c length=0 preview=''
================================================================================
2026-05-08 10:03:28
window_title='빅데이터분석 보고서 - 과제 #12.hwp [C:\\Users\\USER\\Downloads\\] [읽기 전용] - 한글 뷰어'
focused=PaneControl class='HwpMainEditWnd' id='14632588' name='' handle=2033572
foreground=WindowControl class='FrameWindowImpl' id='' name='빅데이터분석 보고서 - 과제 #12.hwp [C:\\Users\\USER\\Downloads\\] [읽기 전용] - 한글 뷰어' handle=2296092 text='빅데이터분석 보고서 - 과제 #12.hwp [C:\\Users\\USER\\Downloads\\] [읽기 전용] - 한글 뷰어'
target=PaneControl class='HwpMainEditWnd' id='14632588' name='' handle=2033572
candidates:
================================================================================
2026-05-08 10:04:45
target_tree:
- PaneControl class='HwpMainEditWnd' id='14632588' name='' handle=2033572
2026-05-08 10:04:45 clipboard_before length=0
2026-05-08 10:04:45 clipboard_after_ctrl_a_ctrl_c length=0 preview=''
2026-05-08 10:04:46 clipboard_after_ctrl_c length=0 preview=''
================================================================================
2026-05-08 10:04:46
window_title='빅데이터분석 보고서 - 과제 #12.hwp [C:\\Users\\USER\\Downloads\\] [읽기 전용] - 한글 뷰어'
focused=PaneControl class='HwpMainEditWnd' id='14632588' name='' handle=2033572
foreground=WindowControl class='FrameWindowImpl' id='' name='빅데이터분석 보고서 - 과제 #12.hwp [C:\\Users\\USER\\Downloads\\] [읽기 전용] - 한글 뷰어' handle=2296092 text='빅데이터분석 보고서 - 과제 #12.hwp [C:\\Users\\USER\\Downloads\\] [읽기 전용] - 한글 뷰어'
target=PaneControl class='HwpMainEditWnd' id='14632588' name='' handle=2033572
candidates:
================================================================================
2026-05-08 10:04:46
target_tree:
- PaneControl class='HwpMainEditWnd' id='14632588' name='' handle=2033572
2026-05-08 10:04:46 clipboard_before length=0
2026-05-08 10:04:47 clipboard_after_ctrl_a_ctrl_c length=0 preview=''
2026-05-08 10:04:47 clipboard_after_ctrl_c length=0 preview=''
================================================================================
2026-05-08 10:04:47
window_title='빅데이터분석 보고서 - 과제 #12.hwp [C:\\Users\\USER\\Downloads\\] [읽기 전용] - 한글 뷰어'
focused=PaneControl class='HwpMainEditWnd' id='14632588' name='' handle=2033572
foreground=WindowControl class='FrameWindowImpl' id='' name='빅데이터분석 보고서 - 과제 #12.hwp [C:\\Users\\USER\\Downloads\\] [읽기 전용] - 한글 뷰어' handle=2296092 text='빅데이터분석 보고서 - 과제 #12.hwp [C:\\Users\\USER\\Downloads\\] [읽기 전용] - 한글 뷰어'
target=PaneControl class='HwpMainEditWnd' id='14632588' name='' handle=2033572
candidates:
================================================================================
2026-05-08 10:04:49
target_tree:
- PaneControl class='HwpMainEditWnd' id='14632588' name='' handle=2033572
2026-05-08 10:04:49 clipboard_before length=0
2026-05-08 10:04:49 clipboard_after_ctrl_a_ctrl_c length=0 preview=''
2026-05-08 10:04:50 clipboard_after_ctrl_c length=0 preview=''
================================================================================
2026-05-08 10:04:50
window_title='빅데이터분석 보고서 - 과제 #12.hwp [C:\\Users\\USER\\Downloads\\] [읽기 전용] - 한글 뷰어'
focused=PaneControl class='HwpMainEditWnd' id='14632588' name='' handle=2033572
foreground=WindowControl class='FrameWindowImpl' id='' name='빅데이터분석 보고서 - 과제 #12.hwp [C:\\Users\\USER\\Downloads\\] [읽기 전용] - 한글 뷰어' handle=2296092 text='빅데이터분석 보고서 - 과제 #12.hwp [C:\\Users\\USER\\Downloads\\] [읽기 전용] - 한글 뷰어'
target=PaneControl class='HwpMainEditWnd' id='14632588' name='' handle=2033572
candidates:
================================================================================
2026-05-08 10:04:50
target_tree:
- PaneControl class='HwpMainEditWnd' id='14632588' name='' handle=2033572
2026-05-08 10:04:50 clipboard_before length=0
2026-05-08 10:04:51 clipboard_after_ctrl_a_ctrl_c length=0 preview=''
2026-05-08 10:04:51 clipboard_after_ctrl_c length=0 preview=''
================================================================================
2026-05-08 10:04:51
window_title='빅데이터분석 보고서 - 과제 #12.hwp [C:\\Users\\USER\\Downloads\\] [읽기 전용] - 한글 뷰어'
focused=PaneControl class='HwpMainEditWnd' id='14632588' name='' handle=2033572
foreground=WindowControl class='FrameWindowImpl' id='' name='빅데이터분석 보고서 - 과제 #12.hwp [C:\\Users\\USER\\Downloads\\] [읽기 전용] - 한글 뷰어' handle=2296092 text='빅데이터분석 보고서 - 과제 #12.hwp [C:\\Users\\USER\\Downloads\\] [읽기 전용] - 한글 뷰어'
target=PaneControl class='HwpMainEditWnd' id='14632588' name='' handle=2033572
candidates:
================================================================================
2026-05-08 10:05:00
target_tree:
- PaneControl class='HwpMainEditWnd' id='14632588' name='' handle=2033572
2026-05-08 10:05:00 clipboard_before length=0
2026-05-08 10:05:00 clipboard_after_ctrl_a_ctrl_c length=0 preview=''
2026-05-08 10:05:01 clipboard_after_ctrl_c length=0 preview=''
================================================================================
2026-05-08 10:05:01
window_title='빅데이터분석 보고서 - 과제 #12.hwp [C:\\Users\\USER\\Downloads\\] [읽기 전용] - 한글 뷰어'
focused=PaneControl class='HwpMainEditWnd' id='14632588' name='' handle=2033572
foreground=WindowControl class='FrameWindowImpl' id='' name='빅데이터분석 보고서 - 과제 #12.hwp [C:\\Users\\USER\\Downloads\\] [읽기 전용] - 한글 뷰어' handle=2296092 text='빅데이터분석 보고서 - 과제 #12.hwp [C:\\Users\\USER\\Downloads\\] [읽기 전용] - 한글 뷰어'
target=PaneControl class='HwpMainEditWnd' id='14632588' name='' handle=2033572
candidates:
================================================================================
2026-05-08 10:05:04
target_tree:
- PaneControl class='HwpMainEditWnd' id='14632588' name='' handle=2033572
2026-05-08 10:05:04 clipboard_before length=0
2026-05-08 10:05:04 clipboard_after_ctrl_a_ctrl_c length=0 preview=''
2026-05-08 10:05:05 clipboard_after_ctrl_c length=0 preview=''
================================================================================
2026-05-08 10:05:05
window_title='빅데이터분석 보고서 - 과제 #12.hwp [C:\\Users\\USER\\Downloads\\] [읽기 전용] - 한글 뷰어'
focused=PaneControl class='HwpMainEditWnd' id='14632588' name='' handle=2033572
foreground=WindowControl class='FrameWindowImpl' id='' name='빅데이터분석 보고서 - 과제 #12.hwp [C:\\Users\\USER\\Downloads\\] [읽기 전용] - 한글 뷰어' handle=2296092 text='빅데이터분석 보고서 - 과제 #12.hwp [C:\\Users\\USER\\Downloads\\] [읽기 전용] - 한글 뷰어'
target=PaneControl class='HwpMainEditWnd' id='14632588' name='' handle=2033572
candidates:
================================================================================
2026-05-08 10:05:06
target_tree:
- PaneControl class='HwpMainEditWnd' id='14632588' name='' handle=2033572
2026-05-08 10:05:06 clipboard_before length=0
2026-05-08 10:05:06 clipboard_after_ctrl_a_ctrl_c length=0 preview=''
2026-05-08 10:05:07 clipboard_after_ctrl_c length=0 preview=''
================================================================================
2026-05-08 10:05:07
window_title='빅데이터분석 보고서 - 과제 #12.hwp [C:\\Users\\USER\\Downloads\\] [읽기 전용] - 한글 뷰어'
focused=PaneControl class='HwpMainEditWnd' id='14632588' name='' handle=2033572
foreground=WindowControl class='FrameWindowImpl' id='' name='빅데이터분석 보고서 - 과제 #12.hwp [C:\\Users\\USER\\Downloads\\] [읽기 전용] - 한글 뷰어' handle=2296092 text='빅데이터분석 보고서 - 과제 #12.hwp [C:\\Users\\USER\\Downloads\\] [읽기 전용] - 한글 뷰어'
target=PaneControl class='HwpMainEditWnd' id='14632588' name='' handle=2033572
candidates:
================================================================================
2026-05-08 10:05:10
target_tree:
- PaneControl class='HwpMainEditWnd' id='14632588' name='' handle=2033572
2026-05-08 10:05:10 clipboard_before length=0
2026-05-08 10:05:11 clipboard_after_ctrl_a_ctrl_c length=0 preview=''
2026-05-08 10:05:11 clipboard_after_ctrl_c length=0 preview=''
================================================================================
2026-05-08 10:05:11
window_title='빅데이터분석 보고서 - 과제 #12.hwp [C:\\Users\\USER\\Downloads\\] [읽기 전용] - 한글 뷰어'
focused=PaneControl class='HwpMainEditWnd' id='14632588' name='' handle=2033572
foreground=WindowControl class='FrameWindowImpl' id='' name='빅데이터분석 보고서 - 과제 #12.hwp [C:\\Users\\USER\\Downloads\\] [읽기 전용] - 한글 뷰어' handle=2296092 text='빅데이터분석 보고서 - 과제 #12.hwp [C:\\Users\\USER\\Downloads\\] [읽기 전용] - 한글 뷰어'
target=PaneControl class='HwpMainEditWnd' id='14632588' name='' handle=2033572
candidates:
================================================================================
2026-05-08 10:05:12
target_tree:
- PaneControl class='HwpMainEditWnd' id='14632588' name='' handle=2033572
2026-05-08 10:05:12 clipboard_before length=0
2026-05-08 10:05:12 clipboard_after_ctrl_a_ctrl_c length=0 preview=''
2026-05-08 10:05:12 clipboard_after_ctrl_c length=0 preview=''
================================================================================
2026-05-08 10:05:13
window_title='빅데이터분석 보고서 - 과제 #12.hwp [C:\\Users\\USER\\Downloads\\] [읽기 전용] - 한글 뷰어'
focused=PaneControl class='HwpMainEditWnd' id='14632588' name='' handle=2033572
foreground=WindowControl class='FrameWindowImpl' id='' name='빅데이터분석 보고서 - 과제 #12.hwp [C:\\Users\\USER\\Downloads\\] [읽기 전용] - 한글 뷰어' handle=2296092 text='빅데이터분석 보고서 - 과제 #12.hwp [C:\\Users\\USER\\Downloads\\] [읽기 전용] - 한글 뷰어'
target=PaneControl class='HwpMainEditWnd' id='14632588' name='' handle=2033572
candidates:
================================================================================
2026-05-08 10:05:13
target_tree:
- PaneControl class='HwpMainEditWnd' id='14632588' name='' handle=2033572
2026-05-08 10:05:13 clipboard_before length=0
2026-05-08 10:05:14 clipboard_after_ctrl_a_ctrl_c length=0 preview=''
2026-05-08 10:05:14 clipboard_after_ctrl_c length=0 preview=''
================================================================================
2026-05-08 10:05:14
window_title='빅데이터분석 보고서 - 과제 #12.hwp [C:\\Users\\USER\\Downloads\\] [읽기 전용] - 한글 뷰어'
focused=PaneControl class='HwpMainEditWnd' id='14632588' name='' handle=2033572
foreground=WindowControl class='FrameWindowImpl' id='' name='빅데이터분석 보고서 - 과제 #12.hwp [C:\\Users\\USER\\Downloads\\] [읽기 전용] - 한글 뷰어' handle=2296092 text='빅데이터분석 보고서 - 과제 #12.hwp [C:\\Users\\USER\\Downloads\\] [읽기 전용] - 한글 뷰어'
target=PaneControl class='HwpMainEditWnd' id='14632588' name='' handle=2033572
candidates:
================================================================================
2026-05-08 10:05:15
target_tree:
- PaneControl class='HwpMainEditWnd' id='14632588' name='' handle=2033572
2026-05-08 10:05:15 clipboard_before length=0
2026-05-08 10:05:15 clipboard_after_ctrl_a_ctrl_c length=0 preview=''
2026-05-08 10:05:16 clipboard_after_ctrl_c length=0 preview=''
================================================================================
2026-05-08 10:05:16
window_title='빅데이터분석 보고서 - 과제 #12.hwp [C:\\Users\\USER\\Downloads\\] [읽기 전용] - 한글 뷰어'
focused=PaneControl class='HwpMainEditWnd' id='14632588' name='' handle=2033572
foreground=WindowControl class='FrameWindowImpl' id='' name='빅데이터분석 보고서 - 과제 #12.hwp [C:\\Users\\USER\\Downloads\\] [읽기 전용] - 한글 뷰어' handle=2296092 text='빅데이터분석 보고서 - 과제 #12.hwp [C:\\Users\\USER\\Downloads\\] [읽기 전용] - 한글 뷰어'
target=PaneControl class='HwpMainEditWnd' id='14632588' name='' handle=2033572
candidates:
================================================================================
2026-05-08 10:05:16
target_tree:
- PaneControl class='HwpMainEditWnd' id='14632588' name='' handle=2033572
2026-05-08 10:05:16 clipboard_before length=0
2026-05-08 10:05:17 clipboard_after_ctrl_a_ctrl_c length=0 preview=''
2026-05-08 10:05:17 clipboard_after_ctrl_c length=0 preview=''
================================================================================
2026-05-08 10:05:17
window_title='빅데이터분석 보고서 - 과제 #12.hwp [C:\\Users\\USER\\Downloads\\] [읽기 전용] - 한글 뷰어'
focused=PaneControl class='HwpMainEditWnd' id='14632588' name='' handle=2033572
foreground=WindowControl class='FrameWindowImpl' id='' name='빅데이터분석 보고서 - 과제 #12.hwp [C:\\Users\\USER\\Downloads\\] [읽기 전용] - 한글 뷰어' handle=2296092 text='빅데이터분석 보고서 - 과제 #12.hwp [C:\\Users\\USER\\Downloads\\] [읽기 전용] - 한글 뷰어'
target=PaneControl class='HwpMainEditWnd' id='14632588' name='' handle=2033572
candidates:
================================================================================
2026-05-08 10:05:18
target_tree:
- PaneControl class='HwpMainEditWnd' id='14632588' name='' handle=2033572
2026-05-08 10:05:18 clipboard_before length=0
2026-05-08 10:05:18 clipboard_after_ctrl_a_ctrl_c length=0 preview=''
2026-05-08 10:05:18 clipboard_after_ctrl_c length=0 preview=''
================================================================================
2026-05-08 10:05:18
window_title='빅데이터분석 보고서 - 과제 #12.hwp [C:\\Users\\USER\\Downloads\\] [읽기 전용] - 한글 뷰어'
focused=PaneControl class='HwpMainEditWnd' id='14632588' name='' handle=2033572
foreground=WindowControl class='FrameWindowImpl' id='' name='빅데이터분석 보고서 - 과제 #12.hwp [C:\\Users\\USER\\Downloads\\] [읽기 전용] - 한글 뷰어' handle=2296092 text='빅데이터분석 보고서 - 과제 #12.hwp [C:\\Users\\USER\\Downloads\\] [읽기 전용] - 한글 뷰어'
target=PaneControl class='HwpMainEditWnd' id='14632588' name='' handle=2033572
candidates:
================================================================================
2026-05-08 10:05:19
target_tree:
- PaneControl class='HwpMainEditWnd' id='14632588' name='' handle=2033572
2026-05-08 10:05:19 clipboard_before length=0
2026-05-08 10:05:19 clipboard_after_ctrl_a_ctrl_c length=0 preview=''
2026-05-08 10:05:20 clipboard_after_ctrl_c length=0 preview=''
================================================================================
2026-05-08 10:05:20
window_title='빅데이터분석 보고서 - 과제 #12.hwp [C:\\Users\\USER\\Downloads\\] [읽기 전용] - 한글 뷰어'
focused=PaneControl class='HwpMainEditWnd' id='14632588' name='' handle=2033572
foreground=WindowControl class='FrameWindowImpl' id='' name='빅데이터분석 보고서 - 과제 #12.hwp [C:\\Users\\USER\\Downloads\\] [읽기 전용] - 한글 뷰어' handle=2296092 text='빅데이터분석 보고서 - 과제 #12.hwp [C:\\Users\\USER\\Downloads\\] [읽기 전용] - 한글 뷰어'
target=PaneControl class='HwpMainEditWnd' id='14632588' name='' handle=2033572
candidates:
================================================================================
2026-05-08 10:05:30
target_tree:
- PaneControl class='HwpMainEditWnd' id='14632588' name='' handle=2033572
2026-05-08 10:05:30 clipboard_before length=0
2026-05-08 10:05:30 clipboard_after_ctrl_a_ctrl_c length=0 preview=''
2026-05-08 10:05:31 clipboard_after_ctrl_c length=0 preview=''
================================================================================
2026-05-08 10:05:31
window_title='빅데이터분석 보고서 - 과제 #12.hwp [C:\\Users\\USER\\Downloads\\] [읽기 전용] - 한글 뷰어'
focused=PaneControl class='HwpMainEditWnd' id='14632588' name='' handle=2033572
foreground=WindowControl class='FrameWindowImpl' id='' name='빅데이터분석 보고서 - 과제 #12.hwp [C:\\Users\\USER\\Downloads\\] [읽기 전용] - 한글 뷰어' handle=2296092 text='빅데이터분석 보고서 - 과제 #12.hwp [C:\\Users\\USER\\Downloads\\] [읽기 전용] - 한글 뷰어'
target=PaneControl class='HwpMainEditWnd' id='14632588' name='' handle=2033572
candidates:
================================================================================
2026-05-08 10:05:31
target_tree:
- PaneControl class='HwpMainEditWnd' id='14632588' name='' handle=2033572
2026-05-08 10:05:31 clipboard_before length=0
2026-05-08 10:05:32 clipboard_after_ctrl_a_ctrl_c length=0 preview=''
2026-05-08 10:05:32 clipboard_after_ctrl_c length=0 preview=''
================================================================================
2026-05-08 10:05:32
window_title='빅데이터분석 보고서 - 과제 #12.hwp [C:\\Users\\USER\\Downloads\\] [읽기 전용] - 한글 뷰어'
focused=PaneControl class='HwpMainEditWnd' id='14632588' name='' handle=2033572
foreground=WindowControl class='FrameWindowImpl' id='' name='빅데이터분석 보고서 - 과제 #12.hwp [C:\\Users\\USER\\Downloads\\] [읽기 전용] - 한글 뷰어' handle=2296092 text='빅데이터분석 보고서 - 과제 #12.hwp [C:\\Users\\USER\\Downloads\\] [읽기 전용] - 한글 뷰어'
target=PaneControl class='HwpMainEditWnd' id='14632588' name='' handle=2033572
candidates:
================================================================================
2026-05-08 10:05:35
target_tree:
- PaneControl class='HwpMainEditWnd' id='14632588' name='' handle=2033572
2026-05-08 10:05:35 clipboard_before length=0
2026-05-08 10:05:36 clipboard_after_ctrl_a_ctrl_c length=0 preview=''
2026-05-08 10:05:36 clipboard_after_ctrl_c length=0 preview=''
================================================================================
2026-05-08 10:05:36
window_title=''
focused=PaneControl class='HwpMainEditWnd' id='14632588' name='' handle=2033572
foreground=PaneControl class='HwpMainEditWnd' id='14632588' name='' handle=2033572
target=PaneControl class='HwpMainEditWnd' id='14632588' name='' handle=2033572
candidates:
================================================================================
2026-05-08 10:05:36
target_tree:
- PaneControl class='HwpMainEditWnd' id='14632588' name='' handle=2033572
2026-05-08 10:05:36 clipboard_before length=0
2026-05-08 10:05:37 clipboard_after_ctrl_a_ctrl_c length=0 preview=''
2026-05-08 10:05:37 clipboard_after_ctrl_c length=0 preview=''
================================================================================
2026-05-08 10:05:37
window_title=''
focused=PaneControl class='HwpMainEditWnd' id='14632588' name='' handle=2033572
foreground=PaneControl class='HwpMainEditWnd' id='14632588' name='' handle=2033572
target=PaneControl class='HwpMainEditWnd' id='14632588' name='' handle=2033572
candidates:
================================================================================
2026-05-08 10:05:38
target_tree:
- PaneControl class='HwpMainEditWnd' id='14632588' name='' handle=2033572
2026-05-08 10:05:38 clipboard_before length=0
2026-05-08 10:05:38 clipboard_after_ctrl_a_ctrl_c length=0 preview=''
2026-05-08 10:05:39 clipboard_after_ctrl_c length=0 preview=''
================================================================================
2026-05-08 10:05:39
window_title=''
focused=PaneControl class='HwpMainEditWnd' id='14632588' name='' handle=2033572
foreground=PaneControl class='HwpMainEditWnd' id='14632588' name='' handle=2033572
target=PaneControl class='HwpMainEditWnd' id='14632588' name='' handle=2033572
candidates:
================================================================================
2026-05-08 10:05:39
target_tree:
- PaneControl class='HwpMainEditWnd' id='14632588' name='' handle=2033572
2026-05-08 10:05:39 clipboard_before length=0
2026-05-08 10:05:40 clipboard_after_ctrl_a_ctrl_c length=0 preview=''
2026-05-08 10:05:40 clipboard_after_ctrl_c length=0 preview=''
================================================================================
2026-05-08 10:05:40
window_title=''
focused=PaneControl class='HwpMainEditWnd' id='14632588' name='' handle=2033572
foreground=PaneControl class='HwpMainEditWnd' id='14632588' name='' handle=2033572
target=PaneControl class='HwpMainEditWnd' id='14632588' name='' handle=2033572
candidates:
================================================================================
2026-05-08 10:05:40
target_tree:
- PaneControl class='HwpMainEditWnd' id='14632588' name='' handle=2033572
2026-05-08 10:05:40 clipboard_before length=0
2026-05-08 10:05:41 clipboard_after_ctrl_a_ctrl_c length=0 preview=''
2026-05-08 10:05:41 clipboard_after_ctrl_c length=0 preview=''
================================================================================
2026-05-08 10:05:41
window_title=''
focused=PaneControl class='HwpMainEditWnd' id='14632588' name='' handle=2033572
foreground=PaneControl class='HwpMainEditWnd' id='14632588' name='' handle=2033572
target=PaneControl class='HwpMainEditWnd' id='14632588' name='' handle=2033572
candidates:
================================================================================
2026-05-08 10:05:42
target_tree:
- PaneControl class='HwpMainEditWnd' id='14632588' name='' handle=2033572
2026-05-08 10:05:42 clipboard_before length=0
2026-05-08 10:05:42 clipboard_after_ctrl_a_ctrl_c length=0 preview=''
2026-05-08 10:05:42 clipboard_after_ctrl_c length=0 preview=''
================================================================================
2026-05-08 10:05:42
window_title=''
focused=PaneControl class='HwpMainEditWnd' id='14632588' name='' handle=2033572
foreground=PaneControl class='HwpMainEditWnd' id='14632588' name='' handle=2033572
target=PaneControl class='HwpMainEditWnd' id='14632588' name='' handle=2033572
candidates:
================================================================================
2026-05-08 10:05:43
target_tree:
- PaneControl class='HwpMainEditWnd' id='14632588' name='' handle=2033572
2026-05-08 10:05:43 clipboard_before length=0
2026-05-08 10:05:43 clipboard_after_ctrl_a_ctrl_c length=0 preview=''
2026-05-08 10:05:44 clipboard_after_ctrl_c length=0 preview=''
================================================================================
2026-05-08 10:05:44
window_title=''
focused=PaneControl class='HwpMainEditWnd' id='14632588' name='' handle=2033572
foreground=PaneControl class='HwpMainEditWnd' id='14632588' name='' handle=2033572
target=PaneControl class='HwpMainEditWnd' id='14632588' name='' handle=2033572
candidates:
================================================================================
2026-05-08 10:05:44
target_tree:
- PaneControl class='HwpMainEditWnd' id='14632588' name='' handle=2033572
2026-05-08 10:05:44 clipboard_before length=0
2026-05-08 10:05:45 clipboard_after_ctrl_a_ctrl_c length=0 preview=''
2026-05-08 10:05:45 clipboard_after_ctrl_c length=0 preview=''
================================================================================
2026-05-08 10:05:45
window_title=''
focused=PaneControl class='HwpMainEditWnd' id='14632588' name='' handle=2033572
foreground=PaneControl class='HwpMainEditWnd' id='14632588' name='' handle=2033572
target=PaneControl class='HwpMainEditWnd' id='14632588' name='' handle=2033572
candidates:
================================================================================
2026-05-08 10:05:45
target_tree:
- PaneControl class='HwpMainEditWnd' id='14632588' name='' handle=2033572
2026-05-08 10:05:45 clipboard_before length=0
2026-05-08 10:05:46 clipboard_after_ctrl_a_ctrl_c length=0 preview=''
2026-05-08 10:05:46 clipboard_after_ctrl_c length=0 preview=''
================================================================================
2026-05-08 10:05:46
window_title=''
focused=PaneControl class='HwpMainEditWnd' id='14632588' name='' handle=2033572
foreground=PaneControl class='HwpMainEditWnd' id='14632588' name='' handle=2033572
target=PaneControl class='HwpMainEditWnd' id='14632588' name='' handle=2033572
candidates:
================================================================================
2026-05-08 10:05:47
target_tree:
- PaneControl class='HwpMainEditWnd' id='14632588' name='' handle=2033572
2026-05-08 10:05:47 clipboard_before length=0
2026-05-08 10:05:47 clipboard_after_ctrl_a_ctrl_c length=0 preview=''
2026-05-08 10:05:47 clipboard_after_ctrl_c length=0 preview=''
================================================================================
2026-05-08 10:05:47
window_title=''
focused=PaneControl class='HwpMainEditWnd' id='14632588' name='' handle=2033572
foreground=PaneControl class='HwpMainEditWnd' id='14632588' name='' handle=2033572
target=PaneControl class='HwpMainEditWnd' id='14632588' name='' handle=2033572
candidates:
================================================================================
2026-05-08 10:05:48
target_tree:
- PaneControl class='HwpMainEditWnd' id='14632588' name='' handle=2033572
2026-05-08 10:05:48 clipboard_before length=0
2026-05-08 10:05:48 clipboard_after_ctrl_a_ctrl_c length=0 preview=''
2026-05-08 10:05:48 clipboard_after_ctrl_c length=0 preview=''
================================================================================
2026-05-08 10:05:49
window_title=''
focused=PaneControl class='HwpMainEditWnd' id='14632588' name='' handle=2033572
foreground=PaneControl class='HwpMainEditWnd' id='14632588' name='' handle=2033572
target=PaneControl class='HwpMainEditWnd' id='14632588' name='' handle=2033572
candidates:
================================================================================
2026-05-08 10:05:49
target_tree:
- PaneControl class='HwpMainEditWnd' id='14632588' name='' handle=2033572
2026-05-08 10:05:49 clipboard_before length=0
2026-05-08 10:05:49 clipboard_after_ctrl_a_ctrl_c length=0 preview=''
2026-05-08 10:05:50 clipboard_after_ctrl_c length=0 preview=''
================================================================================
2026-05-08 10:05:50
window_title=''
focused=PaneControl class='HwpMainEditWnd' id='14632588' name='' handle=2033572
foreground=PaneControl class='HwpMainEditWnd' id='14632588' name='' handle=2033572
target=PaneControl class='HwpMainEditWnd' id='14632588' name='' handle=2033572
candidates:
================================================================================
2026-05-08 10:05:50
target_tree:
- PaneControl class='HwpMainEditWnd' id='14632588' name='' handle=2033572
2026-05-08 10:05:50 clipboard_before length=0
2026-05-08 10:05:51 clipboard_after_ctrl_a_ctrl_c length=0 preview=''
2026-05-08 10:05:51 clipboard_after_ctrl_c length=0 preview=''
================================================================================
2026-05-08 10:05:51
window_title=''
focused=PaneControl class='HwpMainEditWnd' id='14632588' name='' handle=2033572
foreground=PaneControl class='HwpMainEditWnd' id='14632588' name='' handle=2033572
target=PaneControl class='HwpMainEditWnd' id='14632588' name='' handle=2033572
candidates:
================================================================================
2026-05-08 10:06:09
target_tree:
- PaneControl class='HwpMainEditWnd' id='14632588' name='' handle=2033572
2026-05-08 10:06:09 clipboard_before length=6
2026-05-08 10:06:09 clipboard_after_ctrl_a_ctrl_c length=6 preview='ㄹㄹㄹㄹㄹㄹ'
================================================================================
2026-05-08 10:06:10
window_title='빅데이터분석 보고서 - 과제 #12.hwp [C:\\Users\\USER\\Downloads\\] [읽기 전용] - 한글 뷰어'
focused=PaneControl class='HwpMainEditWnd' id='14632588' name='' handle=2033572
foreground=WindowControl class='FrameWindowImpl' id='' name='빅데이터분석 보고서 - 과제 #12.hwp [C:\\Users\\USER\\Downloads\\] [읽기 전용] - 한글 뷰어' handle=2296092 text='빅데이터분석 보고서 - 과제 #12.hwp [C:\\Users\\USER\\Downloads\\] [읽기 전용] - 한글 뷰어'
target=PaneControl class='HwpMainEditWnd' id='14632588' name='' handle=2033572
candidates:
- 'ㄹㄹㄹㄹㄹㄹ'
================================================================================
2026-05-08 10:06:10
target_tree:
- PaneControl class='HwpMainEditWnd' id='14632588' name='' handle=2033572
2026-05-08 10:06:10 clipboard_before length=6
2026-05-08 10:06:11 clipboard_after_ctrl_a_ctrl_c length=6 preview='ㄹㄹㄹㄹㄹㄹ'
================================================================================
2026-05-08 10:06:11
window_title='빅데이터분석 보고서 - 과제 #12.hwp [C:\\Users\\USER\\Downloads\\] [읽기 전용] - 한글 뷰어'
focused=PaneControl class='HwpMainEditWnd' id='14632588' name='' handle=2033572
foreground=WindowControl class='FrameWindowImpl' id='' name='빅데이터분석 보고서 - 과제 #12.hwp [C:\\Users\\USER\\Downloads\\] [읽기 전용] - 한글 뷰어' handle=2296092 text='빅데이터분석 보고서 - 과제 #12.hwp [C:\\Users\\USER\\Downloads\\] [읽기 전용] - 한글 뷰어'
target=PaneControl class='HwpMainEditWnd' id='14632588' name='' handle=2033572
candidates:
- 'ㄹㄹㄹㄹㄹㄹ'
================================================================================
2026-05-08 10:06:11
target_tree:
- PaneControl class='HwpMainEditWnd' id='14632588' name='' handle=2033572
2026-05-08 10:06:11 clipboard_before length=6
2026-05-08 10:06:12 clipboard_after_ctrl_a_ctrl_c length=6 preview='ㄹㄹㄹㄹㄹㄹ'
================================================================================
2026-05-08 10:06:12
window_title='빅데이터분석 보고서 - 과제 #12.hwp [C:\\Users\\USER\\Downloads\\] [읽기 전용] - 한글 뷰어'
focused=PaneControl class='HwpMainEditWnd' id='14632588' name='' handle=2033572
foreground=WindowControl class='FrameWindowImpl' id='' name='빅데이터분석 보고서 - 과제 #12.hwp [C:\\Users\\USER\\Downloads\\] [읽기 전용] - 한글 뷰어' handle=2296092 text='빅데이터분석 보고서 - 과제 #12.hwp [C:\\Users\\USER\\Downloads\\] [읽기 전용] - 한글 뷰어'
target=PaneControl class='HwpMainEditWnd' id='14632588' name='' handle=2033572
candidates:
- 'ㄹㄹㄹㄹㄹㄹ'
================================================================================
2026-05-08 10:06:12
target_tree:
- PaneControl class='HwpMainEditWnd' id='14632588' name='' handle=2033572
2026-05-08 10:06:12 clipboard_before length=6
2026-05-08 10:06:13 clipboard_after_ctrl_a_ctrl_c length=6 preview='ㄹㄹㄹㄹㄹㄹ'
================================================================================
2026-05-08 10:06:13
window_title='빅데이터분석 보고서 - 과제 #12.hwp [C:\\Users\\USER\\Downloads\\] [읽기 전용] - 한글 뷰어'
focused=PaneControl class='HwpMainEditWnd' id='14632588' name='' handle=2033572
foreground=WindowControl class='FrameWindowImpl' id='' name='빅데이터분석 보고서 - 과제 #12.hwp [C:\\Users\\USER\\Downloads\\] [읽기 전용] - 한글 뷰어' handle=2296092 text='빅데이터분석 보고서 - 과제 #12.hwp [C:\\Users\\USER\\Downloads\\] [읽기 전용] - 한글 뷰어'
target=PaneControl class='HwpMainEditWnd' id='14632588' name='' handle=2033572
candidates:
- 'ㄹㄹㄹㄹㄹㄹ'
================================================================================
2026-05-08 10:06:13
target_tree:
- PaneControl class='HwpMainEditWnd' id='14632588' name='' handle=2033572
2026-05-08 10:06:13 clipboard_before length=6
2026-05-08 10:06:14 clipboard_after_ctrl_a_ctrl_c length=6 preview='ㄹㄹㄹㄹㄹㄹ'
================================================================================
2026-05-08 10:06:14
window_title='빅데이터분석 보고서 - 과제 #12.hwp [C:\\Users\\USER\\Downloads\\] [읽기 전용] - 한글 뷰어'
focused=PaneControl class='HwpMainEditWnd' id='14632588' name='' handle=2033572
foreground=WindowControl class='FrameWindowImpl' id='' name='빅데이터분석 보고서 - 과제 #12.hwp [C:\\Users\\USER\\Downloads\\] [읽기 전용] - 한글 뷰어' handle=2296092 text='빅데이터분석 보고서 - 과제 #12.hwp [C:\\Users\\USER\\Downloads\\] [읽기 전용] - 한글 뷰어'
target=PaneControl class='HwpMainEditWnd' id='14632588' name='' handle=2033572
candidates:
- 'ㄹㄹㄹㄹㄹㄹ'
================================================================================
2026-05-08 10:06:14
target_tree:
- PaneControl class='HwpMainEditWnd' id='14632588' name='' handle=2033572
2026-05-08 10:06:14 clipboard_before length=6
2026-05-08 10:06:15 clipboard_after_ctrl_a_ctrl_c length=6 preview='ㄹㄹㄹㄹㄹㄹ'
================================================================================
2026-05-08 10:06:15
window_title='빅데이터분석 보고서 - 과제 #12.hwp [C:\\Users\\USER\\Downloads\\] [읽기 전용] - 한글 뷰어'
focused=PaneControl class='HwpMainEditWnd' id='14632588' name='' handle=2033572
foreground=WindowControl class='FrameWindowImpl' id='' name='빅데이터분석 보고서 - 과제 #12.hwp [C:\\Users\\USER\\Downloads\\] [읽기 전용] - 한글 뷰어' handle=2296092 text='빅데이터분석 보고서 - 과제 #12.hwp [C:\\Users\\USER\\Downloads\\] [읽기 전용] - 한글 뷰어'
target=PaneControl class='HwpMainEditWnd' id='14632588' name='' handle=2033572
candidates:
- 'ㄹㄹㄹㄹㄹㄹ'
================================================================================
2026-05-08 10:06:15
target_tree:
- PaneControl class='HwpMainEditWnd' id='14632588' name='' handle=2033572
2026-05-08 10:06:15 clipboard_before length=6
2026-05-08 10:06:16 clipboard_after_ctrl_a_ctrl_c length=6 preview='ㄹㄹㄹㄹㄹㄹ'
================================================================================
2026-05-08 10:06:16
window_title='빅데이터분석 보고서 - 과제 #12.hwp [C:\\Users\\USER\\Downloads\\] [읽기 전용] - 한글 뷰어'
focused=PaneControl class='HwpMainEditWnd' id='14632588' name='' handle=2033572
foreground=WindowControl class='FrameWindowImpl' id='' name='빅데이터분석 보고서 - 과제 #12.hwp [C:\\Users\\USER\\Downloads\\] [읽기 전용] - 한글 뷰어' handle=2296092 text='빅데이터분석 보고서 - 과제 #12.hwp [C:\\Users\\USER\\Downloads\\] [읽기 전용] - 한글 뷰어'
target=PaneControl class='HwpMainEditWnd' id='14632588' name='' handle=2033572
candidates:
- 'ㄹㄹㄹㄹㄹㄹ'
================================================================================
2026-05-08 10:06:16
target_tree:
- PaneControl class='HwpMainEditWnd' id='14632588' name='' handle=2033572
2026-05-08 10:06:16 clipboard_before length=6
2026-05-08 10:06:17 clipboard_after_ctrl_a_ctrl_c length=6 preview='ㄹㄹㄹㄹㄹㄹ'
================================================================================
2026-05-08 10:06:17
window_title=''
focused=PaneControl class='HwpMainEditWnd' id='14632588' name='' handle=2033572
foreground=PaneControl class='HwpMainEditWnd' id='14632588' name='' handle=2033572
target=PaneControl class='HwpMainEditWnd' id='14632588' name='' handle=2033572
candidates:
- 'ㄹㄹㄹㄹㄹㄹ'
