================================================================================
2026-04-27 18:04:34
window_title='문서1 - Microsoft Word'
focused=PaneControl class='_WwG' id='' name='Microsoft Word 문서' handle=329972 text='Microsoft Word 문서'
foreground=WindowControl class='OpusApp' id='' name='문서1 - Microsoft Word' handle=6752346 text='문서1 - Microsoft Word'
target=PaneControl class='_WwG' id='' name='Microsoft Word 문서' handle=329972 text='Microsoft Word 문서'
candidates:
================================================================================
2026-04-27 18:04:34
window_title='문서1 - Microsoft Word'
focused=PaneControl class='_WwG' id='' name='Microsoft Word 문서' handle=329972 text='Microsoft Word 문서'
foreground=WindowControl class='OpusApp' id='' name='문서1 - Microsoft Word' handle=6752346 text='문서1 - Microsoft Word'
target=PaneControl class='_WwG' id='' name='Microsoft Word 문서' handle=329972 text='Microsoft Word 문서'
candidates:
================================================================================
2026-04-27 18:04:36
window_title='문서1 - Microsoft Word'
focused=PaneControl class='_WwG' id='' name='Microsoft Word 문서' handle=329972 text='Microsoft Word 문서'
foreground=WindowControl class='OpusApp' id='' name='문서1 - Microsoft Word' handle=6752346 text='문서1 - Microsoft Word'
target=PaneControl class='_WwG' id='' name='Microsoft Word 문서' handle=329972 text='Microsoft Word 문서'
candidates:
================================================================================
2026-04-27 18:04:36
window_title='문서1 - Microsoft Word'
focused=PaneControl class='_WwG' id='' name='Microsoft Word 문서' handle=329972 text='Microsoft Word 문서'
foreground=WindowControl class='OpusApp' id='' name='문서1 - Microsoft Word' handle=6752346 text='문서1 - Microsoft Word'
target=PaneControl class='_WwG' id='' name='Microsoft Word 문서' handle=329972 text='Microsoft Word 문서'
candidates:
================================================================================
2026-04-27 18:04:36
window_title='문서1 - Microsoft Word'
focused=PaneControl class='_WwG' id='' name='Microsoft Word 문서' handle=329972 text='Microsoft Word 문서'
foreground=WindowControl class='OpusApp' id='' name='문서1 - Microsoft Word' handle=6752346 text='문서1 - Microsoft Word'
target=PaneControl class='_WwG' id='' name='Microsoft Word 문서' handle=329972 text='Microsoft Word 문서'
candidates:
================================================================================
2026-04-27 18:04:37
window_title='문서1 - Microsoft Word'
focused=PaneControl class='_WwG' id='' name='Microsoft Word 문서' handle=329972 text='Microsoft Word 문서'
foreground=WindowControl class='OpusApp' id='' name='문서1 - Microsoft Word' handle=6752346 text='문서1 - Microsoft Word'
target=PaneControl class='_WwG' id='' name='Microsoft Word 문서' handle=329972 text='Microsoft Word 문서'
candidates:
================================================================================
2026-04-27 18:04:37
window_title='문서1 - Microsoft Word'
focused=PaneControl class='_WwG' id='' name='Microsoft Word 문서' handle=329972 text='Microsoft Word 문서'
foreground=WindowControl class='OpusApp' id='' name='문서1 - Microsoft Word' handle=6752346 text='문서1 - Microsoft Word'
target=PaneControl class='_WwG' id='' name='Microsoft Word 문서' handle=329972 text='Microsoft Word 문서'
candidates:
================================================================================
2026-04-27 18:04:38
window_title='문서1 - Microsoft Word'
focused=PaneControl class='_WwG' id='' name='Microsoft Word 문서' handle=329972 text='Microsoft Word 문서'
foreground=WindowControl class='OpusApp' id='' name='문서1 - Microsoft Word' handle=6752346 text='문서1 - Microsoft Word'
target=PaneControl class='_WwG' id='' name='Microsoft Word 문서' handle=329972 text='Microsoft Word 문서'
candidates:
================================================================================
2026-04-27 18:04:38
window_title='문서1 - Microsoft Word'
focused=PaneControl class='_WwG' id='' name='Microsoft Word 문서' handle=329972 text='Microsoft Word 문서'
foreground=WindowControl class='OpusApp' id='' name='문서1 - Microsoft Word' handle=6752346 text='문서1 - Microsoft Word'
target=PaneControl class='_WwG' id='' name='Microsoft Word 문서' handle=329972 text='Microsoft Word 문서'
candidates:
================================================================================
2026-04-27 18:04:38
window_title='문서1 - Microsoft Word'
focused=PaneControl class='_WwG' id='' name='Microsoft Word 문서' handle=329972 text='Microsoft Word 문서'
foreground=WindowControl class='OpusApp' id='' name='문서1 - Microsoft Word' handle=6752346 text='문서1 - Microsoft Word'
target=PaneControl class='_WwG' id='' name='Microsoft Word 문서' handle=329972 text='Microsoft Word 문서'
candidates:
================================================================================
2026-04-27 18:04:39
window_title='문서1 - Microsoft Word'
focused=PaneControl class='_WwG' id='' name='Microsoft Word 문서' handle=329972 text='Microsoft Word 문서'
foreground=WindowControl class='OpusApp' id='' name='문서1 - Microsoft Word' handle=6752346 text='문서1 - Microsoft Word'
target=PaneControl class='_WwG' id='' name='Microsoft Word 문서' handle=329972 text='Microsoft Word 문서'
candidates:
================================================================================
2026-04-27 18:04:39
window_title='문서1 - Microsoft Word'
focused=PaneControl class='_WwG' id='' name='Microsoft Word 문서' handle=329972 text='Microsoft Word 문서'
foreground=WindowControl class='OpusApp' id='' name='문서1 - Microsoft Word' handle=6752346 text='문서1 - Microsoft Word'
target=PaneControl class='_WwG' id='' name='Microsoft Word 문서' handle=329972 text='Microsoft Word 문서'
candidates:
================================================================================
2026-04-27 18:04:40
window_title='문서1 - Microsoft Word'
focused=PaneControl class='_WwG' id='' name='Microsoft Word 문서' handle=329972 text='Microsoft Word 문서'
foreground=WindowControl class='OpusApp' id='' name='문서1 - Microsoft Word' handle=6752346 text='문서1 - Microsoft Word'
target=PaneControl class='_WwG' id='' name='Microsoft Word 문서' handle=329972 text='Microsoft Word 문서'
candidates:
================================================================================
2026-04-27 18:04:40
window_title='문서1 - Microsoft Word'
focused=PaneControl class='_WwG' id='' name='Microsoft Word 문서' handle=329972 text='Microsoft Word 문서'
foreground=WindowControl class='OpusApp' id='' name='문서1 - Microsoft Word' handle=6752346 text='문서1 - Microsoft Word'
target=PaneControl class='_WwG' id='' name='Microsoft Word 문서' handle=329972 text='Microsoft Word 문서'
candidates:
================================================================================
2026-04-27 18:04:40
window_title='문서1 - Microsoft Word'
focused=PaneControl class='_WwG' id='' name='Microsoft Word 문서' handle=329972 text='Microsoft Word 문서'
foreground=WindowControl class='OpusApp' id='' name='문서1 - Microsoft Word' handle=6752346 text='문서1 - Microsoft Word'
target=PaneControl class='_WwG' id='' name='Microsoft Word 문서' handle=329972 text='Microsoft Word 문서'
candidates:
================================================================================
2026-04-27 18:04:41
window_title='문서1 - Microsoft Word'
focused=PaneControl class='_WwG' id='' name='Microsoft Word 문서' handle=329972 text='Microsoft Word 문서'
foreground=WindowControl class='OpusApp' id='' name='문서1 - Microsoft Word' handle=6752346 text='문서1 - Microsoft Word'
target=PaneControl class='_WwG' id='' name='Microsoft Word 문서' handle=329972 text='Microsoft Word 문서'
candidates:
================================================================================
2026-04-27 18:04:41
window_title='문서1 - Microsoft Word'
focused=PaneControl class='_WwG' id='' name='Microsoft Word 문서' handle=329972 text='Microsoft Word 문서'
foreground=WindowControl class='OpusApp' id='' name='문서1 - Microsoft Word' handle=6752346 text='문서1 - Microsoft Word'
target=PaneControl class='_WwG' id='' name='Microsoft Word 문서' handle=329972 text='Microsoft Word 문서'
candidates:
================================================================================
2026-04-27 18:04:42
window_title='문서1 - Microsoft Word'
focused=PaneControl class='_WwG' id='' name='Microsoft Word 문서' handle=329972 text='Microsoft Word 문서'
foreground=WindowControl class='OpusApp' id='' name='문서1 - Microsoft Word' handle=6752346 text='문서1 - Microsoft Word'
target=PaneControl class='_WwG' id='' name='Microsoft Word 문서' handle=329972 text='Microsoft Word 문서'
candidates:
================================================================================
2026-04-27 18:04:42
window_title='문서1 - Microsoft Word'
focused=PaneControl class='_WwG' id='' name='Microsoft Word 문서' handle=329972 text='Microsoft Word 문서'
foreground=WindowControl class='OpusApp' id='' name='문서1 - Microsoft Word' handle=6752346 text='문서1 - Microsoft Word'
target=PaneControl class='_WwG' id='' name='Microsoft Word 문서' handle=329972 text='Microsoft Word 문서'
candidates:
================================================================================
2026-04-27 18:04:43
window_title='문서1 - Microsoft Word'
focused=PaneControl class='_WwG' id='' name='Microsoft Word 문서' handle=329972 text='Microsoft Word 문서'
foreground=WindowControl class='OpusApp' id='' name='문서1 - Microsoft Word' handle=6752346 text='문서1 - Microsoft Word'
target=PaneControl class='_WwG' id='' name='Microsoft Word 문서' handle=329972 text='Microsoft Word 문서'
candidates:
================================================================================
2026-04-27 18:04:43
window_title='문서1 - Microsoft Word'
focused=PaneControl class='_WwG' id='' name='Microsoft Word 문서' handle=329972 text='Microsoft Word 문서'
foreground=WindowControl class='OpusApp' id='' name='문서1 - Microsoft Word' handle=6752346 text='문서1 - Microsoft Word'
target=PaneControl class='_WwG' id='' name='Microsoft Word 문서' handle=329972 text='Microsoft Word 문서'
candidates:
================================================================================
2026-04-27 18:04:43
window_title='문서1 - Microsoft Word'
focused=PaneControl class='_WwG' id='' name='Microsoft Word 문서' handle=329972 text='Microsoft Word 문서'
foreground=WindowControl class='OpusApp' id='' name='문서1 - Microsoft Word' handle=6752346 text='문서1 - Microsoft Word'
target=PaneControl class='_WwG' id='' name='Microsoft Word 문서' handle=329972 text='Microsoft Word 문서'
candidates:
================================================================================
2026-04-27 18:04:44
window_title='문서1 - Microsoft Word'
focused=PaneControl class='_WwG' id='' name='Microsoft Word 문서' handle=329972 text='Microsoft Word 문서'
foreground=WindowControl class='OpusApp' id='' name='문서1 - Microsoft Word' handle=6752346 text='문서1 - Microsoft Word'
target=PaneControl class='_WwG' id='' name='Microsoft Word 문서' handle=329972 text='Microsoft Word 문서'
candidates:
================================================================================
2026-04-27 18:04:44
window_title='문서1 - Microsoft Word'
focused=PaneControl class='_WwG' id='' name='Microsoft Word 문서' handle=329972 text='Microsoft Word 문서'
foreground=WindowControl class='OpusApp' id='' name='문서1 - Microsoft Word' handle=6752346 text='문서1 - Microsoft Word'
target=PaneControl class='_WwG' id='' name='Microsoft Word 문서' handle=329972 text='Microsoft Word 문서'
candidates:
================================================================================
2026-04-27 18:04:45
window_title='문서1 - Microsoft Word'
focused=PaneControl class='_WwG' id='' name='Microsoft Word 문서' handle=329972 text='Microsoft Word 문서'
foreground=WindowControl class='OpusApp' id='' name='문서1 - Microsoft Word' handle=6752346 text='문서1 - Microsoft Word'
target=PaneControl class='_WwG' id='' name='Microsoft Word 문서' handle=329972 text='Microsoft Word 문서'
candidates:
================================================================================
2026-04-27 18:04:45
window_title='문서1 - Microsoft Word'
focused=PaneControl class='_WwG' id='' name='Microsoft Word 문서' handle=329972 text='Microsoft Word 문서'
foreground=WindowControl class='OpusApp' id='' name='문서1 - Microsoft Word' handle=6752346 text='문서1 - Microsoft Word'
target=PaneControl class='_WwG' id='' name='Microsoft Word 문서' handle=329972 text='Microsoft Word 문서'
candidates:
================================================================================
2026-04-27 18:04:45
window_title='문서1 - Microsoft Word'
focused=PaneControl class='_WwG' id='' name='Microsoft Word 문서' handle=329972 text='Microsoft Word 문서'
foreground=WindowControl class='OpusApp' id='' name='문서1 - Microsoft Word' handle=6752346 text='문서1 - Microsoft Word'
target=PaneControl class='_WwG' id='' name='Microsoft Word 문서' handle=329972 text='Microsoft Word 문서'
candidates:
================================================================================
2026-04-27 18:04:46
window_title='문서1 - Microsoft Word'
focused=PaneControl class='_WwG' id='' name='Microsoft Word 문서' handle=329972 text='Microsoft Word 문서'
foreground=WindowControl class='OpusApp' id='' name='문서1 - Microsoft Word' handle=6752346 text='문서1 - Microsoft Word'
target=PaneControl class='_WwG' id='' name='Microsoft Word 문서' handle=329972 text='Microsoft Word 문서'
candidates:
================================================================================
2026-04-27 18:04:46
window_title='문서1 - Microsoft Word'
focused=PaneControl class='_WwG' id='' name='Microsoft Word 문서' handle=329972 text='Microsoft Word 문서'
foreground=WindowControl class='OpusApp' id='' name='문서1 - Microsoft Word' handle=6752346 text='문서1 - Microsoft Word'
target=PaneControl class='_WwG' id='' name='Microsoft Word 문서' handle=329972 text='Microsoft Word 문서'
candidates:
================================================================================
2026-04-27 18:04:47
window_title='문서1 - Microsoft Word'
focused=PaneControl class='_WwG' id='' name='Microsoft Word 문서' handle=329972 text='Microsoft Word 문서'
foreground=WindowControl class='OpusApp' id='' name='문서1 - Microsoft Word' handle=6752346 text='문서1 - Microsoft Word'
target=PaneControl class='_WwG' id='' name='Microsoft Word 문서' handle=329972 text='Microsoft Word 문서'
candidates:
================================================================================
2026-04-27 18:04:47
window_title='문서1 - Microsoft Word'
focused=PaneControl class='_WwG' id='' name='Microsoft Word 문서' handle=329972 text='Microsoft Word 문서'
foreground=WindowControl class='OpusApp' id='' name='문서1 - Microsoft Word' handle=6752346 text='문서1 - Microsoft Word'
target=PaneControl class='_WwG' id='' name='Microsoft Word 문서' handle=329972 text='Microsoft Word 문서'
candidates:
================================================================================
2026-04-27 18:04:47
window_title='문서1 - Microsoft Word'
focused=PaneControl class='_WwG' id='' name='Microsoft Word 문서' handle=329972 text='Microsoft Word 문서'
foreground=WindowControl class='OpusApp' id='' name='문서1 - Microsoft Word' handle=6752346 text='문서1 - Microsoft Word'
target=PaneControl class='_WwG' id='' name='Microsoft Word 문서' handle=329972 text='Microsoft Word 문서'
candidates:
================================================================================
2026-04-27 18:04:48
window_title='문서1 - Microsoft Word'
focused=PaneControl class='_WwG' id='' name='Microsoft Word 문서' handle=329972 text='Microsoft Word 문서'
foreground=WindowControl class='OpusApp' id='' name='문서1 - Microsoft Word' handle=6752346 text='문서1 - Microsoft Word'
target=PaneControl class='_WwG' id='' name='Microsoft Word 문서' handle=329972 text='Microsoft Word 문서'
candidates:
================================================================================
2026-04-27 18:04:48
window_title='문서1 - Microsoft Word'
focused=PaneControl class='_WwG' id='' name='Microsoft Word 문서' handle=329972 text='Microsoft Word 문서'
foreground=WindowControl class='OpusApp' id='' name='문서1 - Microsoft Word' handle=6752346 text='문서1 - Microsoft Word'
target=PaneControl class='_WwG' id='' name='Microsoft Word 문서' handle=329972 text='Microsoft Word 문서'
candidates:
================================================================================
2026-04-27 18:04:49
window_title='문서1 - Microsoft Word'
focused=PaneControl class='_WwG' id='' name='Microsoft Word 문서' handle=329972 text='Microsoft Word 문서'
foreground=WindowControl class='OpusApp' id='' name='문서1 - Microsoft Word' handle=6752346 text='문서1 - Microsoft Word'
target=PaneControl class='_WwG' id='' name='Microsoft Word 문서' handle=329972 text='Microsoft Word 문서'
candidates:
================================================================================
2026-04-27 18:05:29
window_title='문서1 - Microsoft Word'
focused=PaneControl class='_WwG' id='' name='Microsoft Word 문서' handle=329972 text='Microsoft Word 문서'
foreground=WindowControl class='OpusApp' id='' name='문서1 - Microsoft Word' handle=6752346 text='문서1 - Microsoft Word'
target=PaneControl class='_WwG' id='' name='Microsoft Word 문서' handle=329972 text='Microsoft Word 문서'
candidates:
================================================================================
2026-04-27 18:05:29
window_title='문서1 - Microsoft Word'
focused=PaneControl class='_WwG' id='' name='Microsoft Word 문서' handle=329972 text='Microsoft Word 문서'
foreground=WindowControl class='OpusApp' id='' name='문서1 - Microsoft Word' handle=6752346 text='문서1 - Microsoft Word'
target=PaneControl class='_WwG' id='' name='Microsoft Word 문서' handle=329972 text='Microsoft Word 문서'
candidates:
================================================================================
2026-04-27 18:08:08
window_title='문서1 - Microsoft Word'
focused=PaneControl class='_WwG' id='' name='Microsoft Word 문서' handle=329972 text='Microsoft Word 문서'
foreground=WindowControl class='OpusApp' id='' name='문서1 - Microsoft Word' handle=6752346 text='문서1 - Microsoft Word'
target=PaneControl class='_WwG' id='' name='Microsoft Word 문서' handle=329972 text='Microsoft Word 문서'
candidates:
================================================================================
2026-04-27 18:08:09
window_title='문서1 - Microsoft Word'
focused=PaneControl class='_WwG' id='' name='Microsoft Word 문서' handle=329972 text='Microsoft Word 문서'
foreground=WindowControl class='OpusApp' id='' name='문서1 - Microsoft Word' handle=6752346 text='문서1 - Microsoft Word'
target=PaneControl class='_WwG' id='' name='Microsoft Word 문서' handle=329972 text='Microsoft Word 문서'
candidates:
================================================================================
2026-04-27 18:08:10
window_title='문서1 - Microsoft Word'
focused=PaneControl class='_WwG' id='' name='Microsoft Word 문서' handle=329972 text='Microsoft Word 문서'
foreground=WindowControl class='OpusApp' id='' name='문서1 - Microsoft Word' handle=6752346 text='문서1 - Microsoft Word'
target=PaneControl class='_WwG' id='' name='Microsoft Word 문서' handle=329972 text='Microsoft Word 문서'
candidates:
================================================================================
2026-04-27 18:08:10
window_title='문서1 - Microsoft Word'
focused=PaneControl class='_WwG' id='' name='Microsoft Word 문서' handle=329972 text='Microsoft Word 문서'
foreground=WindowControl class='OpusApp' id='' name='문서1 - Microsoft Word' handle=6752346 text='문서1 - Microsoft Word'
target=PaneControl class='_WwG' id='' name='Microsoft Word 문서' handle=329972 text='Microsoft Word 문서'
candidates:
================================================================================
2026-04-27 18:08:11
window_title='문서1 - Microsoft Word'
focused=PaneControl class='_WwG' id='' name='Microsoft Word 문서' handle=329972 text='Microsoft Word 문서'
foreground=WindowControl class='OpusApp' id='' name='문서1 - Microsoft Word' handle=6752346 text='문서1 - Microsoft Word'
target=PaneControl class='_WwG' id='' name='Microsoft Word 문서' handle=329972 text='Microsoft Word 문서'
candidates:
================================================================================
2026-04-27 18:08:11
window_title='문서1 - Microsoft Word'
focused=PaneControl class='_WwG' id='' name='Microsoft Word 문서' handle=329972 text='Microsoft Word 문서'
foreground=WindowControl class='OpusApp' id='' name='문서1 - Microsoft Word' handle=6752346 text='문서1 - Microsoft Word'
target=PaneControl class='_WwG' id='' name='Microsoft Word 문서' handle=329972 text='Microsoft Word 문서'
candidates:
================================================================================
2026-04-27 18:08:11
window_title='문서1 - Microsoft Word'
focused=PaneControl class='_WwG' id='' name='Microsoft Word 문서' handle=329972 text='Microsoft Word 문서'
foreground=WindowControl class='OpusApp' id='' name='문서1 - Microsoft Word' handle=6752346 text='문서1 - Microsoft Word'
target=PaneControl class='_WwG' id='' name='Microsoft Word 문서' handle=329972 text='Microsoft Word 문서'
candidates:
================================================================================
2026-04-27 18:08:12
window_title='문서1 - Microsoft Word'
focused=PaneControl class='_WwG' id='' name='Microsoft Word 문서' handle=329972 text='Microsoft Word 문서'
foreground=WindowControl class='OpusApp' id='' name='문서1 - Microsoft Word' handle=6752346 text='문서1 - Microsoft Word'
target=PaneControl class='_WwG' id='' name='Microsoft Word 문서' handle=329972 text='Microsoft Word 문서'
candidates:
================================================================================
2026-04-27 18:08:12
window_title='문서1 - Microsoft Word'
focused=PaneControl class='_WwG' id='' name='Microsoft Word 문서' handle=329972 text='Microsoft Word 문서'
foreground=WindowControl class='OpusApp' id='' name='문서1 - Microsoft Word' handle=6752346 text='문서1 - Microsoft Word'
target=PaneControl class='_WwG' id='' name='Microsoft Word 문서' handle=329972 text='Microsoft Word 문서'
candidates:
================================================================================
2026-04-27 18:08:13
window_title='문서1 - Microsoft Word'
focused=PaneControl class='_WwG' id='' name='Microsoft Word 문서' handle=329972 text='Microsoft Word 문서'
foreground=WindowControl class='OpusApp' id='' name='문서1 - Microsoft Word' handle=6752346 text='문서1 - Microsoft Word'
target=PaneControl class='_WwG' id='' name='Microsoft Word 문서' handle=329972 text='Microsoft Word 문서'
candidates:
================================================================================
2026-04-27 18:08:13
window_title='문서1 - Microsoft Word'
focused=PaneControl class='_WwG' id='' name='Microsoft Word 문서' handle=329972 text='Microsoft Word 문서'
foreground=WindowControl class='OpusApp' id='' name='문서1 - Microsoft Word' handle=6752346 text='문서1 - Microsoft Word'
target=PaneControl class='_WwG' id='' name='Microsoft Word 문서' handle=329972 text='Microsoft Word 문서'
candidates:
================================================================================
2026-04-27 18:08:13
window_title='문서1 - Microsoft Word'
focused=PaneControl class='_WwG' id='' name='Microsoft Word 문서' handle=329972 text='Microsoft Word 문서'
foreground=WindowControl class='OpusApp' id='' name='문서1 - Microsoft Word' handle=6752346 text='문서1 - Microsoft Word'
target=PaneControl class='_WwG' id='' name='Microsoft Word 문서' handle=329972 text='Microsoft Word 문서'
candidates:
================================================================================
2026-04-27 18:08:14
window_title='문서1 - Microsoft Word'
focused=PaneControl class='_WwG' id='' name='Microsoft Word 문서' handle=329972 text='Microsoft Word 문서'
foreground=WindowControl class='OpusApp' id='' name='문서1 - Microsoft Word' handle=6752346 text='문서1 - Microsoft Word'
target=PaneControl class='_WwG' id='' name='Microsoft Word 문서' handle=329972 text='Microsoft Word 문서'
candidates:
================================================================================
2026-04-27 18:08:14
window_title='문서1 - Microsoft Word'
focused=PaneControl class='_WwG' id='' name='Microsoft Word 문서' handle=329972 text='Microsoft Word 문서'
foreground=WindowControl class='OpusApp' id='' name='문서1 - Microsoft Word' handle=6752346 text='문서1 - Microsoft Word'
target=PaneControl class='_WwG' id='' name='Microsoft Word 문서' handle=329972 text='Microsoft Word 문서'
candidates:
================================================================================
2026-04-27 18:08:15
window_title='문서1 - Microsoft Word'
focused=PaneControl class='_WwG' id='' name='Microsoft Word 문서' handle=329972 text='Microsoft Word 문서'
foreground=WindowControl class='OpusApp' id='' name='문서1 - Microsoft Word' handle=6752346 text='문서1 - Microsoft Word'
target=PaneControl class='_WwG' id='' name='Microsoft Word 문서' handle=329972 text='Microsoft Word 문서'
candidates:
================================================================================
2026-04-27 18:08:15
window_title='문서1 - Microsoft Word'
focused=PaneControl class='_WwG' id='' name='Microsoft Word 문서' handle=329972 text='Microsoft Word 문서'
foreground=WindowControl class='OpusApp' id='' name='문서1 - Microsoft Word' handle=6752346 text='문서1 - Microsoft Word'
target=PaneControl class='_WwG' id='' name='Microsoft Word 문서' handle=329972 text='Microsoft Word 문서'
candidates:
================================================================================
2026-04-27 18:08:15
window_title='문서1 - Microsoft Word'
focused=PaneControl class='_WwG' id='' name='Microsoft Word 문서' handle=329972 text='Microsoft Word 문서'
foreground=WindowControl class='OpusApp' id='' name='문서1 - Microsoft Word' handle=6752346 text='문서1 - Microsoft Word'
target=PaneControl class='_WwG' id='' name='Microsoft Word 문서' handle=329972 text='Microsoft Word 문서'
candidates:
================================================================================
2026-04-27 18:08:16
window_title='문서1 - Microsoft Word'
focused=PaneControl class='_WwG' id='' name='Microsoft Word 문서' handle=329972 text='Microsoft Word 문서'
foreground=WindowControl class='OpusApp' id='' name='문서1 - Microsoft Word' handle=6752346 text='문서1 - Microsoft Word'
target=PaneControl class='_WwG' id='' name='Microsoft Word 문서' handle=329972 text='Microsoft Word 문서'
candidates:
================================================================================
2026-04-27 18:08:16
window_title='문서1 - Microsoft Word'
focused=PaneControl class='_WwG' id='' name='Microsoft Word 문서' handle=329972 text='Microsoft Word 문서'
foreground=WindowControl class='OpusApp' id='' name='문서1 - Microsoft Word' handle=6752346 text='문서1 - Microsoft Word'
target=PaneControl class='_WwG' id='' name='Microsoft Word 문서' handle=329972 text='Microsoft Word 문서'
candidates:
================================================================================
2026-04-27 18:08:17
window_title='문서1 - Microsoft Word'
focused=PaneControl class='_WwG' id='' name='Microsoft Word 문서' handle=329972 text='Microsoft Word 문서'
foreground=WindowControl class='OpusApp' id='' name='문서1 - Microsoft Word' handle=6752346 text='문서1 - Microsoft Word'
target=PaneControl class='_WwG' id='' name='Microsoft Word 문서' handle=329972 text='Microsoft Word 문서'
candidates:
================================================================================
2026-04-27 18:08:17
window_title='문서1 - Microsoft Word'
focused=PaneControl class='_WwG' id='' name='Microsoft Word 문서' handle=329972 text='Microsoft Word 문서'
foreground=WindowControl class='OpusApp' id='' name='문서1 - Microsoft Word' handle=6752346 text='문서1 - Microsoft Word'
target=PaneControl class='_WwG' id='' name='Microsoft Word 문서' handle=329972 text='Microsoft Word 문서'
candidates:
================================================================================
2026-04-27 18:08:18
window_title='문서1 - Microsoft Word'
focused=PaneControl class='_WwG' id='' name='Microsoft Word 문서' handle=329972 text='Microsoft Word 문서'
foreground=WindowControl class='OpusApp' id='' name='문서1 - Microsoft Word' handle=6752346 text='문서1 - Microsoft Word'
target=PaneControl class='_WwG' id='' name='Microsoft Word 문서' handle=329972 text='Microsoft Word 문서'
candidates:
================================================================================
2026-04-27 18:08:18
window_title='문서1 - Microsoft Word'
focused=PaneControl class='_WwG' id='' name='Microsoft Word 문서' handle=329972 text='Microsoft Word 문서'
foreground=WindowControl class='OpusApp' id='' name='문서1 - Microsoft Word' handle=6752346 text='문서1 - Microsoft Word'
target=PaneControl class='_WwG' id='' name='Microsoft Word 문서' handle=329972 text='Microsoft Word 문서'
candidates:
================================================================================
2026-04-27 18:08:18
window_title='문서1 - Microsoft Word'
focused=PaneControl class='_WwG' id='' name='Microsoft Word 문서' handle=329972 text='Microsoft Word 문서'
foreground=WindowControl class='OpusApp' id='' name='문서1 - Microsoft Word' handle=6752346 text='문서1 - Microsoft Word'
target=PaneControl class='_WwG' id='' name='Microsoft Word 문서' handle=329972 text='Microsoft Word 문서'
candidates:
================================================================================
2026-04-27 18:08:19
window_title='문서1 - Microsoft Word'
focused=PaneControl class='_WwG' id='' name='Microsoft Word 문서' handle=329972 text='Microsoft Word 문서'
foreground=WindowControl class='OpusApp' id='' name='문서1 - Microsoft Word' handle=6752346 text='문서1 - Microsoft Word'
target=PaneControl class='_WwG' id='' name='Microsoft Word 문서' handle=329972 text='Microsoft Word 문서'
candidates:
================================================================================
2026-04-27 18:08:19
window_title='문서1 - Microsoft Word'
focused=PaneControl class='_WwG' id='' name='Microsoft Word 문서' handle=329972 text='Microsoft Word 문서'
foreground=WindowControl class='OpusApp' id='' name='문서1 - Microsoft Word' handle=6752346 text='문서1 - Microsoft Word'
target=PaneControl class='_WwG' id='' name='Microsoft Word 문서' handle=329972 text='Microsoft Word 문서'
candidates:
================================================================================
2026-04-27 18:08:20
window_title='문서1 - Microsoft Word'
focused=PaneControl class='_WwG' id='' name='Microsoft Word 문서' handle=329972 text='Microsoft Word 문서'
foreground=WindowControl class='OpusApp' id='' name='문서1 - Microsoft Word' handle=6752346 text='문서1 - Microsoft Word'
target=PaneControl class='_WwG' id='' name='Microsoft Word 문서' handle=329972 text='Microsoft Word 문서'
candidates:
================================================================================
2026-04-27 18:08:20
window_title='문서1 - Microsoft Word'
focused=PaneControl class='_WwG' id='' name='Microsoft Word 문서' handle=329972 text='Microsoft Word 문서'
foreground=WindowControl class='OpusApp' id='' name='문서1 - Microsoft Word' handle=6752346 text='문서1 - Microsoft Word'
target=PaneControl class='_WwG' id='' name='Microsoft Word 문서' handle=329972 text='Microsoft Word 문서'
candidates:
================================================================================
2026-04-27 18:08:21
window_title='문서1 - Microsoft Word'
focused=PaneControl class='_WwG' id='' name='Microsoft Word 문서' handle=329972 text='Microsoft Word 문서'
foreground=WindowControl class='OpusApp' id='' name='문서1 - Microsoft Word' handle=6752346 text='문서1 - Microsoft Word'
target=PaneControl class='_WwG' id='' name='Microsoft Word 문서' handle=329972 text='Microsoft Word 문서'
candidates:
================================================================================
2026-04-27 18:08:22
window_title='문서1 - Microsoft Word'
focused=PaneControl class='_WwG' id='' name='Microsoft Word 문서' handle=329972 text='Microsoft Word 문서'
foreground=WindowControl class='OpusApp' id='' name='문서1 - Microsoft Word' handle=6752346 text='문서1 - Microsoft Word'
target=PaneControl class='_WwG' id='' name='Microsoft Word 문서' handle=329972 text='Microsoft Word 문서'
candidates:
================================================================================
2026-04-27 18:08:22
window_title='문서1 - Microsoft Word'
focused=PaneControl class='_WwG' id='' name='Microsoft Word 문서' handle=329972 text='Microsoft Word 문서'
foreground=WindowControl class='OpusApp' id='' name='문서1 - Microsoft Word' handle=6752346 text='문서1 - Microsoft Word'
target=PaneControl class='_WwG' id='' name='Microsoft Word 문서' handle=329972 text='Microsoft Word 문서'
candidates:
================================================================================
2026-04-27 18:08:23
window_title='문서1 - Microsoft Word'
focused=PaneControl class='_WwG' id='' name='Microsoft Word 문서' handle=329972 text='Microsoft Word 문서'
foreground=WindowControl class='OpusApp' id='' name='문서1 - Microsoft Word' handle=6752346 text='문서1 - Microsoft Word'
target=PaneControl class='_WwG' id='' name='Microsoft Word 문서' handle=329972 text='Microsoft Word 문서'
candidates:
================================================================================
2026-04-27 18:08:23
window_title='문서1 - Microsoft Word'
focused=PaneControl class='_WwG' id='' name='Microsoft Word 문서' handle=329972 text='Microsoft Word 문서'
foreground=WindowControl class='OpusApp' id='' name='문서1 - Microsoft Word' handle=6752346 text='문서1 - Microsoft Word'
target=PaneControl class='_WwG' id='' name='Microsoft Word 문서' handle=329972 text='Microsoft Word 문서'
candidates:
================================================================================
2026-04-27 18:08:23
window_title='문서1 - Microsoft Word'
focused=PaneControl class='_WwG' id='' name='Microsoft Word 문서' handle=329972 text='Microsoft Word 문서'
foreground=WindowControl class='OpusApp' id='' name='문서1 - Microsoft Word' handle=6752346 text='문서1 - Microsoft Word'
target=PaneControl class='_WwG' id='' name='Microsoft Word 문서' handle=329972 text='Microsoft Word 문서'
candidates:
================================================================================
2026-04-27 18:08:24
window_title='문서1 - Microsoft Word'
focused=PaneControl class='_WwG' id='' name='Microsoft Word 문서' handle=329972 text='Microsoft Word 문서'
foreground=WindowControl class='OpusApp' id='' name='문서1 - Microsoft Word' handle=6752346 text='문서1 - Microsoft Word'
target=PaneControl class='_WwG' id='' name='Microsoft Word 문서' handle=329972 text='Microsoft Word 문서'
candidates:
================================================================================
2026-04-27 18:08:24
window_title='문서1 - Microsoft Word'
focused=PaneControl class='_WwG' id='' name='Microsoft Word 문서' handle=329972 text='Microsoft Word 문서'
foreground=WindowControl class='OpusApp' id='' name='문서1 - Microsoft Word' handle=6752346 text='문서1 - Microsoft Word'
target=PaneControl class='_WwG' id='' name='Microsoft Word 문서' handle=329972 text='Microsoft Word 문서'
candidates:
================================================================================
2026-04-27 18:08:25
window_title='문서1 - Microsoft Word'
focused=PaneControl class='_WwG' id='' name='Microsoft Word 문서' handle=329972 text='Microsoft Word 문서'
foreground=WindowControl class='OpusApp' id='' name='문서1 - Microsoft Word' handle=6752346 text='문서1 - Microsoft Word'
target=PaneControl class='_WwG' id='' name='Microsoft Word 문서' handle=329972 text='Microsoft Word 문서'
candidates:
================================================================================
2026-04-27 18:08:25
window_title='문서1 - Microsoft Word'
focused=PaneControl class='_WwG' id='' name='Microsoft Word 문서' handle=329972 text='Microsoft Word 문서'
foreground=WindowControl class='OpusApp' id='' name='문서1 - Microsoft Word' handle=6752346 text='문서1 - Microsoft Word'
target=PaneControl class='_WwG' id='' name='Microsoft Word 문서' handle=329972 text='Microsoft Word 문서'
candidates:
================================================================================
2026-04-27 18:08:25
window_title='문서1 - Microsoft Word'
focused=PaneControl class='_WwG' id='' name='Microsoft Word 문서' handle=329972 text='Microsoft Word 문서'
foreground=WindowControl class='OpusApp' id='' name='문서1 - Microsoft Word' handle=6752346 text='문서1 - Microsoft Word'
target=PaneControl class='_WwG' id='' name='Microsoft Word 문서' handle=329972 text='Microsoft Word 문서'
candidates:
================================================================================
2026-04-27 18:08:26
window_title='문서1 - Microsoft Word'
focused=PaneControl class='_WwG' id='' name='Microsoft Word 문서' handle=329972 text='Microsoft Word 문서'
foreground=WindowControl class='OpusApp' id='' name='문서1 - Microsoft Word' handle=6752346 text='문서1 - Microsoft Word'
target=PaneControl class='_WwG' id='' name='Microsoft Word 문서' handle=329972 text='Microsoft Word 문서'
candidates:
================================================================================
2026-04-27 18:08:26
window_title='문서1 - Microsoft Word'
focused=PaneControl class='_WwG' id='' name='Microsoft Word 문서' handle=329972 text='Microsoft Word 문서'
foreground=WindowControl class='OpusApp' id='' name='문서1 - Microsoft Word' handle=6752346 text='문서1 - Microsoft Word'
target=PaneControl class='_WwG' id='' name='Microsoft Word 문서' handle=329972 text='Microsoft Word 문서'
candidates:
================================================================================
2026-04-27 18:08:27
window_title='문서1 - Microsoft Word'
focused=PaneControl class='_WwG' id='' name='Microsoft Word 문서' handle=329972 text='Microsoft Word 문서'
foreground=WindowControl class='OpusApp' id='' name='문서1 - Microsoft Word' handle=6752346 text='문서1 - Microsoft Word'
target=PaneControl class='_WwG' id='' name='Microsoft Word 문서' handle=329972 text='Microsoft Word 문서'
candidates:
================================================================================
2026-04-27 18:08:27
window_title='문서1 - Microsoft Word'
focused=PaneControl class='_WwG' id='' name='Microsoft Word 문서' handle=329972 text='Microsoft Word 문서'
foreground=WindowControl class='OpusApp' id='' name='문서1 - Microsoft Word' handle=6752346 text='문서1 - Microsoft Word'
target=PaneControl class='_WwG' id='' name='Microsoft Word 문서' handle=329972 text='Microsoft Word 문서'
candidates:
================================================================================
2026-05-06 00:30:55
window_title='문서1 - Microsoft Word'
focused=PaneControl class='_WwG' id='' name='Microsoft Word 문서' handle=329820 text='Microsoft Word 문서'
foreground=WindowControl class='OpusApp' id='' name='문서1 - Microsoft Word' handle=395234 text='문서1 - Microsoft Word'
target=PaneControl class='_WwG' id='' name='Microsoft Word 문서' handle=329820 text='Microsoft Word 문서'
candidates:
================================================================================
2026-05-06 00:30:56
window_title='문서1 - Microsoft Word'
focused=PaneControl class='_WwG' id='' name='Microsoft Word 문서' handle=329820 text='Microsoft Word 문서'
foreground=WindowControl class='OpusApp' id='' name='문서1 - Microsoft Word' handle=395234 text='문서1 - Microsoft Word'
target=PaneControl class='_WwG' id='' name='Microsoft Word 문서' handle=329820 text='Microsoft Word 문서'
candidates:
================================================================================
2026-05-06 00:30:57
window_title='문서1 - Microsoft Word'
focused=PaneControl class='_WwG' id='' name='Microsoft Word 문서' handle=329820 text='Microsoft Word 문서'
foreground=WindowControl class='OpusApp' id='' name='문서1 - Microsoft Word' handle=395234 text='문서1 - Microsoft Word'
target=PaneControl class='_WwG' id='' name='Microsoft Word 문서' handle=329820 text='Microsoft Word 문서'
candidates:
================================================================================
2026-05-06 00:30:57
window_title='문서1 - Microsoft Word'
focused=PaneControl class='_WwG' id='' name='Microsoft Word 문서' handle=329820 text='Microsoft Word 문서'
foreground=WindowControl class='OpusApp' id='' name='문서1 - Microsoft Word' handle=395234 text='문서1 - Microsoft Word'
target=PaneControl class='_WwG' id='' name='Microsoft Word 문서' handle=329820 text='Microsoft Word 문서'
candidates:
================================================================================
2026-05-06 00:30:58
window_title='문서1 - Microsoft Word'
focused=PaneControl class='_WwG' id='' name='Microsoft Word 문서' handle=329820 text='Microsoft Word 문서'
foreground=WindowControl class='OpusApp' id='' name='문서1 - Microsoft Word' handle=395234 text='문서1 - Microsoft Word'
target=PaneControl class='_WwG' id='' name='Microsoft Word 문서' handle=329820 text='Microsoft Word 문서'
candidates:
================================================================================
2026-05-06 00:30:58
window_title='문서1 - Microsoft Word'
focused=PaneControl class='_WwG' id='' name='Microsoft Word 문서' handle=329820 text='Microsoft Word 문서'
foreground=WindowControl class='OpusApp' id='' name='문서1 - Microsoft Word' handle=395234 text='문서1 - Microsoft Word'
target=PaneControl class='_WwG' id='' name='Microsoft Word 문서' handle=329820 text='Microsoft Word 문서'
candidates:
================================================================================
2026-05-06 00:30:58
window_title='문서1 - Microsoft Word'
focused=PaneControl class='_WwG' id='' name='Microsoft Word 문서' handle=329820 text='Microsoft Word 문서'
foreground=WindowControl class='OpusApp' id='' name='문서1 - Microsoft Word' handle=395234 text='문서1 - Microsoft Word'
target=PaneControl class='_WwG' id='' name='Microsoft Word 문서' handle=329820 text='Microsoft Word 문서'
candidates:
================================================================================
2026-05-06 00:30:59
window_title='문서1 - Microsoft Word'
focused=PaneControl class='_WwG' id='' name='Microsoft Word 문서' handle=329820 text='Microsoft Word 문서'
foreground=WindowControl class='OpusApp' id='' name='문서1 - Microsoft Word' handle=395234 text='문서1 - Microsoft Word'
target=PaneControl class='_WwG' id='' name='Microsoft Word 문서' handle=329820 text='Microsoft Word 문서'
candidates:
================================================================================
2026-05-06 00:30:59
window_title='문서1 - Microsoft Word'
focused=PaneControl class='_WwG' id='' name='Microsoft Word 문서' handle=329820 text='Microsoft Word 문서'
foreground=WindowControl class='OpusApp' id='' name='문서1 - Microsoft Word' handle=395234 text='문서1 - Microsoft Word'
target=PaneControl class='_WwG' id='' name='Microsoft Word 문서' handle=329820 text='Microsoft Word 문서'
candidates:
================================================================================
2026-05-06 00:31:00
window_title='문서1 - Microsoft Word'
focused=PaneControl class='_WwG' id='' name='Microsoft Word 문서' handle=329820 text='Microsoft Word 문서'
foreground=WindowControl class='OpusApp' id='' name='문서1 - Microsoft Word' handle=395234 text='문서1 - Microsoft Word'
target=PaneControl class='_WwG' id='' name='Microsoft Word 문서' handle=329820 text='Microsoft Word 문서'
candidates:
================================================================================
2026-05-06 00:31:00
window_title='문서1 - Microsoft Word'
focused=PaneControl class='_WwG' id='' name='Microsoft Word 문서' handle=329820 text='Microsoft Word 문서'
foreground=WindowControl class='OpusApp' id='' name='문서1 - Microsoft Word' handle=395234 text='문서1 - Microsoft Word'
target=PaneControl class='_WwG' id='' name='Microsoft Word 문서' handle=329820 text='Microsoft Word 문서'
candidates:
================================================================================
2026-05-06 00:31:01
window_title='문서1 - Microsoft Word'
focused=PaneControl class='_WwG' id='' name='Microsoft Word 문서' handle=329820 text='Microsoft Word 문서'
foreground=WindowControl class='OpusApp' id='' name='문서1 - Microsoft Word' handle=395234 text='문서1 - Microsoft Word'
target=PaneControl class='_WwG' id='' name='Microsoft Word 문서' handle=329820 text='Microsoft Word 문서'
candidates:
================================================================================
2026-05-06 00:34:56
window_title='문서1 - Microsoft Word'
focused=PaneControl class='_WwG' id='' name='Microsoft Word 문서' handle=329820 text='Microsoft Word 문서'
foreground=WindowControl class='OpusApp' id='' name='문서1 - Microsoft Word' handle=395234 text='문서1 - Microsoft Word'
target=PaneControl class='_WwG' id='' name='Microsoft Word 문서' handle=329820 text='Microsoft Word 문서'
candidates:
================================================================================
2026-05-06 00:34:56
window_title='문서1 - Microsoft Word'
focused=PaneControl class='_WwG' id='' name='Microsoft Word 문서' handle=329820 text='Microsoft Word 문서'
foreground=WindowControl class='OpusApp' id='' name='문서1 - Microsoft Word' handle=395234 text='문서1 - Microsoft Word'
target=PaneControl class='_WwG' id='' name='Microsoft Word 문서' handle=329820 text='Microsoft Word 문서'
candidates:
================================================================================
2026-05-06 00:34:58
window_title='문서1 - Microsoft Word'
focused=PaneControl class='_WwG' id='' name='Microsoft Word 문서' handle=329820 text='Microsoft Word 문서'
foreground=WindowControl class='OpusApp' id='' name='문서1 - Microsoft Word' handle=395234 text='문서1 - Microsoft Word'
target=PaneControl class='_WwG' id='' name='Microsoft Word 문서' handle=329820 text='Microsoft Word 문서'
candidates:
================================================================================
2026-05-06 00:34:58
window_title='문서1 - Microsoft Word'
focused=PaneControl class='_WwG' id='' name='Microsoft Word 문서' handle=329820 text='Microsoft Word 문서'
foreground=WindowControl class='OpusApp' id='' name='문서1 - Microsoft Word' handle=395234 text='문서1 - Microsoft Word'
target=PaneControl class='_WwG' id='' name='Microsoft Word 문서' handle=329820 text='Microsoft Word 문서'
candidates:
================================================================================
2026-05-06 00:34:58
window_title='문서1 - Microsoft Word'
focused=PaneControl class='_WwG' id='' name='Microsoft Word 문서' handle=329820 text='Microsoft Word 문서'
foreground=WindowControl class='OpusApp' id='' name='문서1 - Microsoft Word' handle=395234 text='문서1 - Microsoft Word'
target=PaneControl class='_WwG' id='' name='Microsoft Word 문서' handle=329820 text='Microsoft Word 문서'
candidates:
================================================================================
2026-05-06 00:34:59
window_title='문서1 - Microsoft Word'
focused=PaneControl class='_WwG' id='' name='Microsoft Word 문서' handle=329820 text='Microsoft Word 문서'
foreground=WindowControl class='OpusApp' id='' name='문서1 - Microsoft Word' handle=395234 text='문서1 - Microsoft Word'
target=PaneControl class='_WwG' id='' name='Microsoft Word 문서' handle=329820 text='Microsoft Word 문서'
candidates:
================================================================================
2026-05-06 00:34:59
window_title='문서1 - Microsoft Word'
focused=PaneControl class='_WwG' id='' name='Microsoft Word 문서' handle=329820 text='Microsoft Word 문서'
foreground=WindowControl class='OpusApp' id='' name='문서1 - Microsoft Word' handle=395234 text='문서1 - Microsoft Word'
target=PaneControl class='_WwG' id='' name='Microsoft Word 문서' handle=329820 text='Microsoft Word 문서'
candidates:
================================================================================
2026-05-06 00:35:00
window_title='문서1 - Microsoft Word'
focused=PaneControl class='_WwG' id='' name='Microsoft Word 문서' handle=329820 text='Microsoft Word 문서'
foreground=WindowControl class='OpusApp' id='' name='문서1 - Microsoft Word' handle=395234 text='문서1 - Microsoft Word'
target=PaneControl class='_WwG' id='' name='Microsoft Word 문서' handle=329820 text='Microsoft Word 문서'
candidates:
================================================================================
2026-05-06 00:35:02
window_title='문서1 - Microsoft Word'
focused=PaneControl class='_WwG' id='' name='Microsoft Word 문서' handle=329820 text='Microsoft Word 문서'
foreground=WindowControl class='OpusApp' id='' name='문서1 - Microsoft Word' handle=395234 text='문서1 - Microsoft Word'
target=PaneControl class='_WwG' id='' name='Microsoft Word 문서' handle=329820 text='Microsoft Word 문서'
candidates:
================================================================================
2026-05-06 00:35:03
window_title='문서1 - Microsoft Word'
focused=PaneControl class='_WwG' id='' name='Microsoft Word 문서' handle=329820 text='Microsoft Word 문서'
foreground=WindowControl class='OpusApp' id='' name='문서1 - Microsoft Word' handle=395234 text='문서1 - Microsoft Word'
target=PaneControl class='_WwG' id='' name='Microsoft Word 문서' handle=329820 text='Microsoft Word 문서'
candidates:
================================================================================
2026-05-06 00:35:03
window_title='문서1 - Microsoft Word'
focused=PaneControl class='_WwG' id='' name='Microsoft Word 문서' handle=329820 text='Microsoft Word 문서'
foreground=WindowControl class='OpusApp' id='' name='문서1 - Microsoft Word' handle=395234 text='문서1 - Microsoft Word'
target=PaneControl class='_WwG' id='' name='Microsoft Word 문서' handle=329820 text='Microsoft Word 문서'
candidates:
================================================================================
2026-05-06 00:35:03
window_title='문서1 - Microsoft Word'
focused=PaneControl class='_WwG' id='' name='Microsoft Word 문서' handle=329820 text='Microsoft Word 문서'
foreground=WindowControl class='OpusApp' id='' name='문서1 - Microsoft Word' handle=395234 text='문서1 - Microsoft Word'
target=PaneControl class='_WwG' id='' name='Microsoft Word 문서' handle=329820 text='Microsoft Word 문서'
candidates:
================================================================================
2026-05-06 00:35:04
window_title='문서1 - Microsoft Word'
focused=PaneControl class='_WwG' id='' name='Microsoft Word 문서' handle=329820 text='Microsoft Word 문서'
foreground=WindowControl class='OpusApp' id='' name='문서1 - Microsoft Word' handle=395234 text='문서1 - Microsoft Word'
target=PaneControl class='_WwG' id='' name='Microsoft Word 문서' handle=329820 text='Microsoft Word 문서'
candidates:
================================================================================
2026-05-06 00:35:04
window_title='문서1 - Microsoft Word'
focused=PaneControl class='_WwG' id='' name='Microsoft Word 문서' handle=329820 text='Microsoft Word 문서'
foreground=WindowControl class='OpusApp' id='' name='문서1 - Microsoft Word' handle=395234 text='문서1 - Microsoft Word'
target=PaneControl class='_WwG' id='' name='Microsoft Word 문서' handle=329820 text='Microsoft Word 문서'
candidates:
================================================================================
2026-05-06 00:35:05
window_title='문서1 - Microsoft Word'
focused=PaneControl class='_WwG' id='' name='Microsoft Word 문서' handle=329820 text='Microsoft Word 문서'
foreground=WindowControl class='OpusApp' id='' name='문서1 - Microsoft Word' handle=395234 text='문서1 - Microsoft Word'
target=PaneControl class='_WwG' id='' name='Microsoft Word 문서' handle=329820 text='Microsoft Word 문서'
candidates:
================================================================================
2026-05-06 00:35:05
window_title='문서1 - Microsoft Word'
focused=PaneControl class='_WwG' id='' name='Microsoft Word 문서' handle=329820 text='Microsoft Word 문서'
foreground=WindowControl class='OpusApp' id='' name='문서1 - Microsoft Word' handle=395234 text='문서1 - Microsoft Word'
target=PaneControl class='_WwG' id='' name='Microsoft Word 문서' handle=329820 text='Microsoft Word 문서'
candidates:
================================================================================
2026-05-06 00:35:06
window_title='문서1 - Microsoft Word'
focused=PaneControl class='_WwG' id='' name='Microsoft Word 문서' handle=329820 text='Microsoft Word 문서'
foreground=WindowControl class='OpusApp' id='' name='문서1 - Microsoft Word' handle=395234 text='문서1 - Microsoft Word'
target=PaneControl class='_WwG' id='' name='Microsoft Word 문서' handle=329820 text='Microsoft Word 문서'
candidates:
================================================================================
2026-05-06 00:35:06
window_title='문서1 - Microsoft Word'
focused=PaneControl class='_WwG' id='' name='Microsoft Word 문서' handle=329820 text='Microsoft Word 문서'
foreground=WindowControl class='OpusApp' id='' name='문서1 - Microsoft Word' handle=395234 text='문서1 - Microsoft Word'
target=PaneControl class='_WwG' id='' name='Microsoft Word 문서' handle=329820 text='Microsoft Word 문서'
candidates:
================================================================================
2026-05-06 00:35:06
window_title='문서1 - Microsoft Word'
focused=PaneControl class='_WwG' id='' name='Microsoft Word 문서' handle=329820 text='Microsoft Word 문서'
foreground=WindowControl class='OpusApp' id='' name='문서1 - Microsoft Word' handle=395234 text='문서1 - Microsoft Word'
target=PaneControl class='_WwG' id='' name='Microsoft Word 문서' handle=329820 text='Microsoft Word 문서'
candidates:
================================================================================
2026-05-06 00:35:07
window_title='문서1 - Microsoft Word'
focused=PaneControl class='_WwG' id='' name='Microsoft Word 문서' handle=329820 text='Microsoft Word 문서'
foreground=WindowControl class='OpusApp' id='' name='문서1 - Microsoft Word' handle=395234 text='문서1 - Microsoft Word'
target=PaneControl class='_WwG' id='' name='Microsoft Word 문서' handle=329820 text='Microsoft Word 문서'
candidates:
================================================================================
2026-05-06 00:35:07
window_title='문서1 - Microsoft Word'
focused=PaneControl class='_WwG' id='' name='Microsoft Word 문서' handle=329820 text='Microsoft Word 문서'
foreground=WindowControl class='OpusApp' id='' name='문서1 - Microsoft Word' handle=395234 text='문서1 - Microsoft Word'
target=PaneControl class='_WwG' id='' name='Microsoft Word 문서' handle=329820 text='Microsoft Word 문서'
candidates:
================================================================================
2026-05-06 00:35:08
window_title='문서1 - Microsoft Word'
focused=PaneControl class='_WwG' id='' name='Microsoft Word 문서' handle=329820 text='Microsoft Word 문서'
foreground=WindowControl class='OpusApp' id='' name='문서1 - Microsoft Word' handle=395234 text='문서1 - Microsoft Word'
target=PaneControl class='_WwG' id='' name='Microsoft Word 문서' handle=329820 text='Microsoft Word 문서'
candidates:
================================================================================
2026-05-06 00:35:08
window_title='문서1 - Microsoft Word'
focused=PaneControl class='_WwG' id='' name='Microsoft Word 문서' handle=329820 text='Microsoft Word 문서'
foreground=WindowControl class='OpusApp' id='' name='문서1 - Microsoft Word' handle=395234 text='문서1 - Microsoft Word'
target=PaneControl class='_WwG' id='' name='Microsoft Word 문서' handle=329820 text='Microsoft Word 문서'
candidates:
================================================================================
2026-05-06 00:35:08
window_title='문서1 - Microsoft Word'
focused=PaneControl class='_WwG' id='' name='Microsoft Word 문서' handle=329820 text='Microsoft Word 문서'
foreground=WindowControl class='OpusApp' id='' name='문서1 - Microsoft Word' handle=395234 text='문서1 - Microsoft Word'
target=PaneControl class='_WwG' id='' name='Microsoft Word 문서' handle=329820 text='Microsoft Word 문서'
candidates:
================================================================================
2026-05-06 00:35:09
window_title='문서1 - Microsoft Word'
focused=PaneControl class='_WwG' id='' name='Microsoft Word 문서' handle=329820 text='Microsoft Word 문서'
foreground=WindowControl class='OpusApp' id='' name='문서1 - Microsoft Word' handle=395234 text='문서1 - Microsoft Word'
target=PaneControl class='_WwG' id='' name='Microsoft Word 문서' handle=329820 text='Microsoft Word 문서'
candidates:
================================================================================
2026-05-06 00:35:09
window_title='문서1 - Microsoft Word'
focused=PaneControl class='_WwG' id='' name='Microsoft Word 문서' handle=329820 text='Microsoft Word 문서'
foreground=WindowControl class='OpusApp' id='' name='문서1 - Microsoft Word' handle=395234 text='문서1 - Microsoft Word'
target=PaneControl class='_WwG' id='' name='Microsoft Word 문서' handle=329820 text='Microsoft Word 문서'
candidates:
================================================================================
2026-05-06 00:35:10
window_title='문서1 - Microsoft Word'
focused=PaneControl class='_WwG' id='' name='Microsoft Word 문서' handle=329820 text='Microsoft Word 문서'
foreground=WindowControl class='OpusApp' id='' name='문서1 - Microsoft Word' handle=395234 text='문서1 - Microsoft Word'
target=PaneControl class='_WwG' id='' name='Microsoft Word 문서' handle=329820 text='Microsoft Word 문서'
candidates:
================================================================================
2026-05-06 00:35:10
window_title='문서1 - Microsoft Word'
focused=PaneControl class='_WwG' id='' name='Microsoft Word 문서' handle=329820 text='Microsoft Word 문서'
foreground=WindowControl class='OpusApp' id='' name='문서1 - Microsoft Word' handle=395234 text='문서1 - Microsoft Word'
target=PaneControl class='_WwG' id='' name='Microsoft Word 문서' handle=329820 text='Microsoft Word 문서'
candidates:
================================================================================
2026-05-06 00:36:41
window_title='문서1 - Microsoft Word'
focused=PaneControl class='_WwG' id='' name='Microsoft Word 문서' handle=329820 text='Microsoft Word 문서'
foreground=WindowControl class='OpusApp' id='' name='문서1 - Microsoft Word' handle=395234 text='문서1 - Microsoft Word'
target=PaneControl class='_WwG' id='' name='Microsoft Word 문서' handle=329820 text='Microsoft Word 문서'
candidates:
================================================================================
2026-05-06 00:36:41
window_title='문서1 - Microsoft Word'
focused=PaneControl class='_WwG' id='' name='Microsoft Word 문서' handle=329820 text='Microsoft Word 문서'
foreground=WindowControl class='OpusApp' id='' name='문서1 - Microsoft Word' handle=395234 text='문서1 - Microsoft Word'
target=PaneControl class='_WwG' id='' name='Microsoft Word 문서' handle=329820 text='Microsoft Word 문서'
candidates:
================================================================================
2026-05-06 00:36:43
window_title='문서1 - Microsoft Word'
focused=PaneControl class='_WwG' id='' name='Microsoft Word 문서' handle=329820 text='Microsoft Word 문서'
foreground=WindowControl class='OpusApp' id='' name='문서1 - Microsoft Word' handle=395234 text='문서1 - Microsoft Word'
target=PaneControl class='_WwG' id='' name='Microsoft Word 문서' handle=329820 text='Microsoft Word 문서'
candidates:
================================================================================
2026-05-06 00:36:43
window_title='문서1 - Microsoft Word'
focused=PaneControl class='_WwG' id='' name='Microsoft Word 문서' handle=329820 text='Microsoft Word 문서'
foreground=WindowControl class='OpusApp' id='' name='문서1 - Microsoft Word' handle=395234 text='문서1 - Microsoft Word'
target=PaneControl class='_WwG' id='' name='Microsoft Word 문서' handle=329820 text='Microsoft Word 문서'
candidates:
================================================================================
2026-05-06 00:36:43
window_title='문서1 - Microsoft Word'
focused=PaneControl class='_WwG' id='' name='Microsoft Word 문서' handle=329820 text='Microsoft Word 문서'
foreground=WindowControl class='OpusApp' id='' name='문서1 - Microsoft Word' handle=395234 text='문서1 - Microsoft Word'
target=PaneControl class='_WwG' id='' name='Microsoft Word 문서' handle=329820 text='Microsoft Word 문서'
candidates:
================================================================================
2026-05-06 00:36:44
window_title='문서1 - Microsoft Word'
focused=PaneControl class='_WwG' id='' name='Microsoft Word 문서' handle=329820 text='Microsoft Word 문서'
foreground=WindowControl class='OpusApp' id='' name='문서1 - Microsoft Word' handle=395234 text='문서1 - Microsoft Word'
target=PaneControl class='_WwG' id='' name='Microsoft Word 문서' handle=329820 text='Microsoft Word 문서'
candidates:
================================================================================
2026-05-06 00:36:44
window_title='문서1 - Microsoft Word'
focused=PaneControl class='_WwG' id='' name='Microsoft Word 문서' handle=329820 text='Microsoft Word 문서'
foreground=WindowControl class='OpusApp' id='' name='문서1 - Microsoft Word' handle=395234 text='문서1 - Microsoft Word'
target=PaneControl class='_WwG' id='' name='Microsoft Word 문서' handle=329820 text='Microsoft Word 문서'
candidates:
================================================================================
2026-05-06 00:36:45
window_title='문서1 - Microsoft Word'
focused=PaneControl class='_WwG' id='' name='Microsoft Word 문서' handle=329820 text='Microsoft Word 문서'
foreground=WindowControl class='OpusApp' id='' name='문서1 - Microsoft Word' handle=395234 text='문서1 - Microsoft Word'
target=PaneControl class='_WwG' id='' name='Microsoft Word 문서' handle=329820 text='Microsoft Word 문서'
candidates:
================================================================================
2026-05-06 00:36:45
window_title='문서1 - Microsoft Word'
focused=PaneControl class='_WwG' id='' name='Microsoft Word 문서' handle=329820 text='Microsoft Word 문서'
foreground=WindowControl class='OpusApp' id='' name='문서1 - Microsoft Word' handle=395234 text='문서1 - Microsoft Word'
target=PaneControl class='_WwG' id='' name='Microsoft Word 문서' handle=329820 text='Microsoft Word 문서'
candidates:
================================================================================
2026-05-06 00:36:47
window_title='문서1 - Microsoft Word'
focused=PaneControl class='_WwG' id='' name='Microsoft Word 문서' handle=329820 text='Microsoft Word 문서'
foreground=WindowControl class='OpusApp' id='' name='문서1 - Microsoft Word' handle=395234 text='문서1 - Microsoft Word'
target=PaneControl class='_WwG' id='' name='Microsoft Word 문서' handle=329820 text='Microsoft Word 문서'
candidates:
================================================================================
2026-05-06 00:36:48
window_title='문서1 - Microsoft Word'
focused=PaneControl class='_WwG' id='' name='Microsoft Word 문서' handle=329820 text='Microsoft Word 문서'
foreground=WindowControl class='OpusApp' id='' name='문서1 - Microsoft Word' handle=395234 text='문서1 - Microsoft Word'
target=PaneControl class='_WwG' id='' name='Microsoft Word 문서' handle=329820 text='Microsoft Word 문서'
candidates:
================================================================================
2026-05-06 00:36:49
window_title='문서1 - Microsoft Word'
focused=PaneControl class='_WwG' id='' name='Microsoft Word 문서' handle=329820 text='Microsoft Word 문서'
foreground=WindowControl class='OpusApp' id='' name='문서1 - Microsoft Word' handle=395234 text='문서1 - Microsoft Word'
target=PaneControl class='_WwG' id='' name='Microsoft Word 문서' handle=329820 text='Microsoft Word 문서'
candidates:
================================================================================
2026-05-06 00:36:49
window_title='문서1 - Microsoft Word'
focused=PaneControl class='_WwG' id='' name='Microsoft Word 문서' handle=329820 text='Microsoft Word 문서'
foreground=WindowControl class='OpusApp' id='' name='문서1 - Microsoft Word' handle=395234 text='문서1 - Microsoft Word'
target=PaneControl class='_WwG' id='' name='Microsoft Word 문서' handle=329820 text='Microsoft Word 문서'
candidates:
================================================================================
2026-05-06 00:36:50
window_title='문서1 - Microsoft Word'
focused=PaneControl class='_WwG' id='' name='Microsoft Word 문서' handle=329820 text='Microsoft Word 문서'
foreground=WindowControl class='OpusApp' id='' name='문서1 - Microsoft Word' handle=395234 text='문서1 - Microsoft Word'
target=PaneControl class='_WwG' id='' name='Microsoft Word 문서' handle=329820 text='Microsoft Word 문서'
candidates:
================================================================================
2026-05-06 00:36:50
window_title='문서1 - Microsoft Word'
focused=PaneControl class='_WwG' id='' name='Microsoft Word 문서' handle=329820 text='Microsoft Word 문서'
foreground=WindowControl class='OpusApp' id='' name='문서1 - Microsoft Word' handle=395234 text='문서1 - Microsoft Word'
target=PaneControl class='_WwG' id='' name='Microsoft Word 문서' handle=329820 text='Microsoft Word 문서'
candidates:
================================================================================
2026-05-06 00:36:50
window_title='문서1 - Microsoft Word'
focused=PaneControl class='_WwG' id='' name='Microsoft Word 문서' handle=329820 text='Microsoft Word 문서'
foreground=WindowControl class='OpusApp' id='' name='문서1 - Microsoft Word' handle=395234 text='문서1 - Microsoft Word'
target=PaneControl class='_WwG' id='' name='Microsoft Word 문서' handle=329820 text='Microsoft Word 문서'
candidates:
================================================================================
2026-05-06 00:36:51
window_title='문서1 - Microsoft Word'
focused=PaneControl class='_WwG' id='' name='Microsoft Word 문서' handle=329820 text='Microsoft Word 문서'
foreground=WindowControl class='OpusApp' id='' name='문서1 - Microsoft Word' handle=395234 text='문서1 - Microsoft Word'
target=PaneControl class='_WwG' id='' name='Microsoft Word 문서' handle=329820 text='Microsoft Word 문서'
candidates:
================================================================================
2026-05-06 00:36:51
window_title='문서1 - Microsoft Word'
focused=PaneControl class='_WwG' id='' name='Microsoft Word 문서' handle=329820 text='Microsoft Word 문서'
foreground=WindowControl class='OpusApp' id='' name='문서1 - Microsoft Word' handle=395234 text='문서1 - Microsoft Word'
target=PaneControl class='_WwG' id='' name='Microsoft Word 문서' handle=329820 text='Microsoft Word 문서'
candidates:
================================================================================
2026-05-06 00:36:52
window_title='문서1 - Microsoft Word'
focused=PaneControl class='_WwG' id='' name='Microsoft Word 문서' handle=329820 text='Microsoft Word 문서'
foreground=WindowControl class='OpusApp' id='' name='문서1 - Microsoft Word' handle=395234 text='문서1 - Microsoft Word'
target=PaneControl class='_WwG' id='' name='Microsoft Word 문서' handle=329820 text='Microsoft Word 문서'
candidates:
================================================================================
2026-05-06 00:36:52
window_title='문서1 - Microsoft Word'
focused=PaneControl class='_WwG' id='' name='Microsoft Word 문서' handle=329820 text='Microsoft Word 문서'
foreground=WindowControl class='OpusApp' id='' name='문서1 - Microsoft Word' handle=395234 text='문서1 - Microsoft Word'
target=PaneControl class='_WwG' id='' name='Microsoft Word 문서' handle=329820 text='Microsoft Word 문서'
candidates:
================================================================================
2026-05-06 00:36:52
window_title='문서1 - Microsoft Word'
focused=PaneControl class='_WwG' id='' name='Microsoft Word 문서' handle=329820 text='Microsoft Word 문서'
foreground=WindowControl class='OpusApp' id='' name='문서1 - Microsoft Word' handle=395234 text='문서1 - Microsoft Word'
target=PaneControl class='_WwG' id='' name='Microsoft Word 문서' handle=329820 text='Microsoft Word 문서'
candidates:
================================================================================
2026-05-06 00:37:59
window_title='문서1 - Microsoft Word'
focused=PaneControl class='_WwG' id='' name='Microsoft Word 문서' handle=1247606 text='Microsoft Word 문서'
foreground=WindowControl class='OpusApp' id='' name='문서1 - Microsoft Word' handle=1116406 text='문서1 - Microsoft Word'
target=PaneControl class='_WwG' id='' name='Microsoft Word 문서' handle=1247606 text='Microsoft Word 문서'
candidates:
================================================================================
2026-05-06 00:38:00
window_title='문서1 - Microsoft Word'
focused=PaneControl class='_WwG' id='' name='Microsoft Word 문서' handle=1247606 text='Microsoft Word 문서'
foreground=WindowControl class='OpusApp' id='' name='문서1 - Microsoft Word' handle=1116406 text='문서1 - Microsoft Word'
target=PaneControl class='_WwG' id='' name='Microsoft Word 문서' handle=1247606 text='Microsoft Word 문서'
candidates:
================================================================================
2026-05-06 00:38:01
window_title='문서1 - Microsoft Word'
focused=PaneControl class='_WwG' id='' name='Microsoft Word 문서' handle=1247606 text='Microsoft Word 문서'
foreground=WindowControl class='OpusApp' id='' name='문서1 - Microsoft Word' handle=1116406 text='문서1 - Microsoft Word'
target=PaneControl class='_WwG' id='' name='Microsoft Word 문서' handle=1247606 text='Microsoft Word 문서'
candidates:
================================================================================
2026-05-06 00:38:01
window_title='문서1 - Microsoft Word'
focused=PaneControl class='_WwG' id='' name='Microsoft Word 문서' handle=1247606 text='Microsoft Word 문서'
foreground=WindowControl class='OpusApp' id='' name='문서1 - Microsoft Word' handle=1116406 text='문서1 - Microsoft Word'
target=PaneControl class='_WwG' id='' name='Microsoft Word 문서' handle=1247606 text='Microsoft Word 문서'
candidates:
================================================================================
2026-05-06 00:38:02
window_title='문서1 - Microsoft Word'
focused=PaneControl class='_WwG' id='' name='Microsoft Word 문서' handle=1247606 text='Microsoft Word 문서'
foreground=WindowControl class='OpusApp' id='' name='문서1 - Microsoft Word' handle=1116406 text='문서1 - Microsoft Word'
target=PaneControl class='_WwG' id='' name='Microsoft Word 문서' handle=1247606 text='Microsoft Word 문서'
candidates:
================================================================================
2026-05-06 00:38:02
window_title='문서1 - Microsoft Word'
focused=PaneControl class='_WwG' id='' name='Microsoft Word 문서' handle=1247606 text='Microsoft Word 문서'
foreground=WindowControl class='OpusApp' id='' name='문서1 - Microsoft Word' handle=1116406 text='문서1 - Microsoft Word'
target=PaneControl class='_WwG' id='' name='Microsoft Word 문서' handle=1247606 text='Microsoft Word 문서'
candidates:
================================================================================
2026-05-06 00:38:02
window_title='문서1 - Microsoft Word'
focused=PaneControl class='_WwG' id='' name='Microsoft Word 문서' handle=1247606 text='Microsoft Word 문서'
foreground=WindowControl class='OpusApp' id='' name='문서1 - Microsoft Word' handle=1116406 text='문서1 - Microsoft Word'
target=PaneControl class='_WwG' id='' name='Microsoft Word 문서' handle=1247606 text='Microsoft Word 문서'
candidates:
================================================================================
2026-05-06 00:38:03
window_title='문서1 - Microsoft Word'
focused=PaneControl class='_WwG' id='' name='Microsoft Word 문서' handle=1247606 text='Microsoft Word 문서'
foreground=WindowControl class='OpusApp' id='' name='문서1 - Microsoft Word' handle=1116406 text='문서1 - Microsoft Word'
target=PaneControl class='_WwG' id='' name='Microsoft Word 문서' handle=1247606 text='Microsoft Word 문서'
candidates:
================================================================================
2026-05-06 00:38:03
window_title='문서1 - Microsoft Word'
focused=PaneControl class='_WwG' id='' name='Microsoft Word 문서' handle=1247606 text='Microsoft Word 문서'
foreground=WindowControl class='OpusApp' id='' name='문서1 - Microsoft Word' handle=1116406 text='문서1 - Microsoft Word'
target=PaneControl class='_WwG' id='' name='Microsoft Word 문서' handle=1247606 text='Microsoft Word 문서'
candidates:
================================================================================
2026-05-06 00:38:04
window_title='문서1 - Microsoft Word'
focused=PaneControl class='_WwG' id='' name='Microsoft Word 문서' handle=1247606 text='Microsoft Word 문서'
foreground=WindowControl class='OpusApp' id='' name='문서1 - Microsoft Word' handle=1116406 text='문서1 - Microsoft Word'
target=PaneControl class='_WwG' id='' name='Microsoft Word 문서' handle=1247606 text='Microsoft Word 문서'
candidates:
================================================================================
2026-05-06 00:38:04
window_title='문서1 - Microsoft Word'
focused=PaneControl class='_WwG' id='' name='Microsoft Word 문서' handle=1247606 text='Microsoft Word 문서'
foreground=WindowControl class='OpusApp' id='' name='문서1 - Microsoft Word' handle=1116406 text='문서1 - Microsoft Word'
target=PaneControl class='_WwG' id='' name='Microsoft Word 문서' handle=1247606 text='Microsoft Word 문서'
candidates:
================================================================================
2026-05-06 00:38:04
window_title='문서1 - Microsoft Word'
focused=PaneControl class='_WwG' id='' name='Microsoft Word 문서' handle=1247606 text='Microsoft Word 문서'
foreground=WindowControl class='OpusApp' id='' name='문서1 - Microsoft Word' handle=1116406 text='문서1 - Microsoft Word'
target=PaneControl class='_WwG' id='' name='Microsoft Word 문서' handle=1247606 text='Microsoft Word 문서'
candidates:
================================================================================
2026-05-06 00:38:05
window_title='문서1 - Microsoft Word'
focused=PaneControl class='_WwG' id='' name='Microsoft Word 문서' handle=1247606 text='Microsoft Word 문서'
foreground=WindowControl class='OpusApp' id='' name='문서1 - Microsoft Word' handle=1116406 text='문서1 - Microsoft Word'
target=PaneControl class='_WwG' id='' name='Microsoft Word 문서' handle=1247606 text='Microsoft Word 문서'
candidates:
================================================================================
2026-05-06 00:38:05
window_title='문서1 - Microsoft Word'
focused=PaneControl class='_WwG' id='' name='Microsoft Word 문서' handle=1247606 text='Microsoft Word 문서'
foreground=WindowControl class='OpusApp' id='' name='문서1 - Microsoft Word' handle=1116406 text='문서1 - Microsoft Word'
target=PaneControl class='_WwG' id='' name='Microsoft Word 문서' handle=1247606 text='Microsoft Word 문서'
candidates:
================================================================================
2026-05-06 00:38:06
window_title='문서1 - Microsoft Word'
focused=PaneControl class='_WwG' id='' name='Microsoft Word 문서' handle=1247606 text='Microsoft Word 문서'
foreground=WindowControl class='OpusApp' id='' name='문서1 - Microsoft Word' handle=1116406 text='문서1 - Microsoft Word'
target=PaneControl class='_WwG' id='' name='Microsoft Word 문서' handle=1247606 text='Microsoft Word 문서'
candidates:
================================================================================
2026-05-06 00:38:06
window_title='문서1 - Microsoft Word'
focused=PaneControl class='_WwG' id='' name='Microsoft Word 문서' handle=1247606 text='Microsoft Word 문서'
foreground=WindowControl class='OpusApp' id='' name='문서1 - Microsoft Word' handle=1116406 text='문서1 - Microsoft Word'
target=PaneControl class='_WwG' id='' name='Microsoft Word 문서' handle=1247606 text='Microsoft Word 문서'
candidates:
================================================================================
2026-05-06 00:38:06
window_title='문서1 - Microsoft Word'
focused=PaneControl class='_WwG' id='' name='Microsoft Word 문서' handle=1247606 text='Microsoft Word 문서'
foreground=WindowControl class='OpusApp' id='' name='문서1 - Microsoft Word' handle=1116406 text='문서1 - Microsoft Word'
target=PaneControl class='_WwG' id='' name='Microsoft Word 문서' handle=1247606 text='Microsoft Word 문서'
candidates:
================================================================================
2026-05-06 00:38:07
window_title='문서1 - Microsoft Word'
focused=PaneControl class='_WwG' id='' name='Microsoft Word 문서' handle=1247606 text='Microsoft Word 문서'
foreground=WindowControl class='OpusApp' id='' name='문서1 - Microsoft Word' handle=1116406 text='문서1 - Microsoft Word'
target=PaneControl class='_WwG' id='' name='Microsoft Word 문서' handle=1247606 text='Microsoft Word 문서'
candidates:
================================================================================
2026-05-06 00:38:07
window_title='문서1 - Microsoft Word'
focused=PaneControl class='_WwG' id='' name='Microsoft Word 문서' handle=1247606 text='Microsoft Word 문서'
foreground=WindowControl class='OpusApp' id='' name='문서1 - Microsoft Word' handle=1116406 text='문서1 - Microsoft Word'
target=PaneControl class='_WwG' id='' name='Microsoft Word 문서' handle=1247606 text='Microsoft Word 문서'
candidates:
================================================================================
2026-05-06 00:38:08
window_title='문서1 - Microsoft Word'
focused=PaneControl class='_WwG' id='' name='Microsoft Word 문서' handle=1247606 text='Microsoft Word 문서'
foreground=WindowControl class='OpusApp' id='' name='문서1 - Microsoft Word' handle=1116406 text='문서1 - Microsoft Word'
target=PaneControl class='_WwG' id='' name='Microsoft Word 문서' handle=1247606 text='Microsoft Word 문서'
candidates:
================================================================================
2026-05-06 00:38:08
window_title='문서1 - Microsoft Word'
focused=PaneControl class='_WwG' id='' name='Microsoft Word 문서' handle=1247606 text='Microsoft Word 문서'
foreground=WindowControl class='OpusApp' id='' name='문서1 - Microsoft Word' handle=1116406 text='문서1 - Microsoft Word'
target=PaneControl class='_WwG' id='' name='Microsoft Word 문서' handle=1247606 text='Microsoft Word 문서'
candidates:
================================================================================
2026-05-06 00:38:08
window_title='문서1 - Microsoft Word'
focused=PaneControl class='_WwG' id='' name='Microsoft Word 문서' handle=1247606 text='Microsoft Word 문서'
foreground=WindowControl class='OpusApp' id='' name='문서1 - Microsoft Word' handle=1116406 text='문서1 - Microsoft Word'
target=PaneControl class='_WwG' id='' name='Microsoft Word 문서' handle=1247606 text='Microsoft Word 문서'
candidates:
================================================================================
2026-05-06 00:38:09
window_title='문서1 - Microsoft Word'
focused=PaneControl class='_WwG' id='' name='Microsoft Word 문서' handle=1247606 text='Microsoft Word 문서'
foreground=WindowControl class='OpusApp' id='' name='문서1 - Microsoft Word' handle=1116406 text='문서1 - Microsoft Word'
target=PaneControl class='_WwG' id='' name='Microsoft Word 문서' handle=1247606 text='Microsoft Word 문서'
candidates:
================================================================================
2026-05-06 00:38:09
window_title='문서1 - Microsoft Word'
focused=PaneControl class='_WwG' id='' name='Microsoft Word 문서' handle=1247606 text='Microsoft Word 문서'
foreground=WindowControl class='OpusApp' id='' name='문서1 - Microsoft Word' handle=1116406 text='문서1 - Microsoft Word'
target=PaneControl class='_WwG' id='' name='Microsoft Word 문서' handle=1247606 text='Microsoft Word 문서'
candidates:
================================================================================
2026-05-06 00:38:10
window_title='문서1 - Microsoft Word'
focused=PaneControl class='_WwG' id='' name='Microsoft Word 문서' handle=1247606 text='Microsoft Word 문서'
foreground=WindowControl class='OpusApp' id='' name='문서1 - Microsoft Word' handle=1116406 text='문서1 - Microsoft Word'
target=PaneControl class='_WwG' id='' name='Microsoft Word 문서' handle=1247606 text='Microsoft Word 문서'
candidates:
================================================================================
2026-05-06 00:38:10
window_title='문서1 - Microsoft Word'
focused=PaneControl class='_WwG' id='' name='Microsoft Word 문서' handle=1247606 text='Microsoft Word 문서'
foreground=WindowControl class='OpusApp' id='' name='문서1 - Microsoft Word' handle=1116406 text='문서1 - Microsoft Word'
target=PaneControl class='_WwG' id='' name='Microsoft Word 문서' handle=1247606 text='Microsoft Word 문서'
candidates:
================================================================================
2026-05-06 00:38:10
window_title='문서1 - Microsoft Word'
focused=PaneControl class='_WwG' id='' name='Microsoft Word 문서' handle=1247606 text='Microsoft Word 문서'
foreground=WindowControl class='OpusApp' id='' name='문서1 - Microsoft Word' handle=1116406 text='문서1 - Microsoft Word'
target=PaneControl class='_WwG' id='' name='Microsoft Word 문서' handle=1247606 text='Microsoft Word 문서'
candidates:
================================================================================
2026-05-06 00:38:11
window_title='문서1 - Microsoft Word'
focused=PaneControl class='_WwG' id='' name='Microsoft Word 문서' handle=1247606 text='Microsoft Word 문서'
foreground=WindowControl class='OpusApp' id='' name='문서1 - Microsoft Word' handle=1116406 text='문서1 - Microsoft Word'
target=PaneControl class='_WwG' id='' name='Microsoft Word 문서' handle=1247606 text='Microsoft Word 문서'
candidates:
================================================================================
2026-05-06 00:38:11
window_title='문서1 - Microsoft Word'
focused=PaneControl class='_WwG' id='' name='Microsoft Word 문서' handle=1247606 text='Microsoft Word 문서'
foreground=WindowControl class='OpusApp' id='' name='문서1 - Microsoft Word' handle=1116406 text='문서1 - Microsoft Word'
target=PaneControl class='_WwG' id='' name='Microsoft Word 문서' handle=1247606 text='Microsoft Word 문서'
candidates:
================================================================================
2026-05-06 00:38:12
window_title='문서1 - Microsoft Word'
focused=PaneControl class='_WwG' id='' name='Microsoft Word 문서' handle=1247606 text='Microsoft Word 문서'
foreground=WindowControl class='OpusApp' id='' name='문서1 - Microsoft Word' handle=1116406 text='문서1 - Microsoft Word'
target=PaneControl class='_WwG' id='' name='Microsoft Word 문서' handle=1247606 text='Microsoft Word 문서'
candidates:
================================================================================
2026-05-06 00:38:12
window_title='문서1 - Microsoft Word'
focused=PaneControl class='_WwG' id='' name='Microsoft Word 문서' handle=1247606 text='Microsoft Word 문서'
foreground=WindowControl class='OpusApp' id='' name='문서1 - Microsoft Word' handle=1116406 text='문서1 - Microsoft Word'
target=PaneControl class='_WwG' id='' name='Microsoft Word 문서' handle=1247606 text='Microsoft Word 문서'
candidates:
================================================================================
2026-05-06 00:38:12
window_title='문서1 - Microsoft Word'
focused=PaneControl class='_WwG' id='' name='Microsoft Word 문서' handle=1247606 text='Microsoft Word 문서'
foreground=WindowControl class='OpusApp' id='' name='문서1 - Microsoft Word' handle=1116406 text='문서1 - Microsoft Word'
target=PaneControl class='_WwG' id='' name='Microsoft Word 문서' handle=1247606 text='Microsoft Word 문서'
candidates:
================================================================================
2026-05-06 00:38:13
window_title='문서1 - Microsoft Word'
focused=PaneControl class='_WwG' id='' name='Microsoft Word 문서' handle=1247606 text='Microsoft Word 문서'
foreground=WindowControl class='OpusApp' id='' name='문서1 - Microsoft Word' handle=1116406 text='문서1 - Microsoft Word'
target=PaneControl class='_WwG' id='' name='Microsoft Word 문서' handle=1247606 text='Microsoft Word 문서'
candidates:
================================================================================
2026-05-06 00:38:13
window_title='문서1 - Microsoft Word'
focused=PaneControl class='_WwG' id='' name='Microsoft Word 문서' handle=1247606 text='Microsoft Word 문서'
foreground=WindowControl class='OpusApp' id='' name='문서1 - Microsoft Word' handle=1116406 text='문서1 - Microsoft Word'
target=PaneControl class='_WwG' id='' name='Microsoft Word 문서' handle=1247606 text='Microsoft Word 문서'
candidates:
================================================================================
2026-05-06 00:38:14
window_title='문서1 - Microsoft Word'
focused=PaneControl class='_WwG' id='' name='Microsoft Word 문서' handle=1247606 text='Microsoft Word 문서'
foreground=WindowControl class='OpusApp' id='' name='문서1 - Microsoft Word' handle=1116406 text='문서1 - Microsoft Word'
target=PaneControl class='_WwG' id='' name='Microsoft Word 문서' handle=1247606 text='Microsoft Word 문서'
candidates:
================================================================================
2026-05-06 00:45:29
window_title='문서1 - Microsoft Word'
focused=PaneControl class='_WwG' id='' name='Microsoft Word 문서' handle=1247606 text='Microsoft Word 문서'
foreground=WindowControl class='OpusApp' id='' name='문서1 - Microsoft Word' handle=1116406 text='문서1 - Microsoft Word'
target=PaneControl class='_WwG' id='' name='Microsoft Word 문서' handle=1247606 text='Microsoft Word 문서'
candidates:
================================================================================
2026-05-06 00:45:29
window_title='문서1 - Microsoft Word'
focused=PaneControl class='_WwG' id='' name='Microsoft Word 문서' handle=1247606 text='Microsoft Word 문서'
foreground=WindowControl class='OpusApp' id='' name='문서1 - Microsoft Word' handle=1116406 text='문서1 - Microsoft Word'
target=PaneControl class='_WwG' id='' name='Microsoft Word 문서' handle=1247606 text='Microsoft Word 문서'
candidates:
================================================================================
2026-05-06 00:45:31
window_title='문서1 - Microsoft Word'
focused=PaneControl class='_WwG' id='' name='Microsoft Word 문서' handle=1247606 text='Microsoft Word 문서'
foreground=WindowControl class='OpusApp' id='' name='문서1 - Microsoft Word' handle=1116406 text='문서1 - Microsoft Word'
target=PaneControl class='_WwG' id='' name='Microsoft Word 문서' handle=1247606 text='Microsoft Word 문서'
candidates:
================================================================================
2026-05-06 00:45:31
window_title='문서1 - Microsoft Word'
focused=PaneControl class='_WwG' id='' name='Microsoft Word 문서' handle=1247606 text='Microsoft Word 문서'
foreground=WindowControl class='OpusApp' id='' name='문서1 - Microsoft Word' handle=1116406 text='문서1 - Microsoft Word'
target=PaneControl class='_WwG' id='' name='Microsoft Word 문서' handle=1247606 text='Microsoft Word 문서'
candidates:
================================================================================
2026-05-06 00:45:31
window_title='문서1 - Microsoft Word'
focused=PaneControl class='_WwG' id='' name='Microsoft Word 문서' handle=1247606 text='Microsoft Word 문서'
foreground=WindowControl class='OpusApp' id='' name='문서1 - Microsoft Word' handle=1116406 text='문서1 - Microsoft Word'
target=PaneControl class='_WwG' id='' name='Microsoft Word 문서' handle=1247606 text='Microsoft Word 문서'
candidates:
================================================================================
2026-05-06 00:45:32
window_title='문서1 - Microsoft Word'
focused=PaneControl class='_WwG' id='' name='Microsoft Word 문서' handle=1247606 text='Microsoft Word 문서'
foreground=WindowControl class='OpusApp' id='' name='문서1 - Microsoft Word' handle=1116406 text='문서1 - Microsoft Word'
target=PaneControl class='_WwG' id='' name='Microsoft Word 문서' handle=1247606 text='Microsoft Word 문서'
candidates:
================================================================================
2026-05-06 00:45:32
window_title='문서1 - Microsoft Word'
focused=PaneControl class='_WwG' id='' name='Microsoft Word 문서' handle=1247606 text='Microsoft Word 문서'
foreground=WindowControl class='OpusApp' id='' name='문서1 - Microsoft Word' handle=1116406 text='문서1 - Microsoft Word'
target=PaneControl class='_WwG' id='' name='Microsoft Word 문서' handle=1247606 text='Microsoft Word 문서'
candidates:
